{"meta": {"format": 3, "version": "7.13.5", "timestamp": "2026-04-26T14:04:21.098519", "branch_coverage": false, "show_contexts": false}, "files": {"src/__init__.py": {"executed_lines": [], "summary": {"covered_lines": 0, "num_statements": 0, "percent_covered": 100.0, "percent_covered_display": "100", "missing_lines": 0, "excluded_lines": 0, "percent_statements_covered": 100.0, "percent_statements_covered_display": "100"}, "missing_lines": [], "excluded_lines": [], "functions": {"": {"executed_lines": [], "summary": {"covered_lines": 0, "num_statements": 0, "percent_covered": 100.0, "percent_covered_display": "100", "missing_lines": 0, "excluded_lines": 0, "percent_statements_covered": 100.0, "percent_statements_covered_display": "100"}, "missing_lines": [], "excluded_lines": [], "start_line": 1}}, "classes": {"": {"executed_lines": [], "summary": {"covered_lines": 0, "num_statements": 0, "percent_covered": 100.0, "percent_covered_display": "100", "missing_lines": 0, "excluded_lines": 0, "percent_statements_covered": 100.0, "percent_statements_covered_display": "100"}, "missing_lines": [], "excluded_lines": [], "start_line": 1}}}, "src/agent/__init__.py": {"executed_lines": [8, 10], "summary": {"covered_lines": 2, "num_statements": 2, "percent_covered": 100.0, "percent_covered_display": "100", "missing_lines": 0, "excluded_lines": 0, "percent_statements_covered": 100.0, "percent_statements_covered_display": "100"}, "missing_lines": [], "excluded_lines": [], "functions": {"": {"executed_lines": [8, 10], "summary": {"covered_lines": 2, "num_statements": 2, "percent_covered": 100.0, "percent_covered_display": "100", "missing_lines": 0, "excluded_lines": 0, "percent_statements_covered": 100.0, "percent_statements_covered_display": "100"}, "missing_lines": [], "excluded_lines": [], "start_line": 1}}, "classes": {"": {"executed_lines": [8, 10], "summary": {"covered_lines": 2, "num_statements": 2, "percent_covered": 100.0, "percent_covered_display": "100", "missing_lines": 0, "excluded_lines": 0, "percent_statements_covered": 100.0, "percent_statements_covered_display": "100"}, "missing_lines": [], "excluded_lines": [], "start_line": 1}}}, "src/agent/rag_pipeline.py": {"executed_lines": [12, 13, 14, 15, 17, 19, 21, 24, 115, 128, 139, 140, 141, 142, 144, 146, 147, 148, 151, 152, 153, 154, 156, 158, 159, 161, 162, 163, 175, 185, 186, 188, 190, 191, 192, 194, 196, 197, 199, 200, 201, 202, 204, 209, 210, 216, 222, 223, 226, 227, 228, 245, 246, 247, 249, 250, 260, 262, 264, 266, 268, 271, 276, 277, 278, 279, 287, 289, 290, 291, 293, 303, 304, 305, 307, 308, 310, 311, 312, 313, 315, 316, 323, 326, 333, 334, 335, 336, 339, 340, 350, 351, 353, 354, 356, 357, 358, 359, 360, 362], "summary": {"covered_lines": 100, "num_statements": 119, "percent_covered": 84.03361344537815, "percent_covered_display": "84", "missing_lines": 19, "excluded_lines": 0, "percent_statements_covered": 84.03361344537815, "percent_statements_covered_display": "84"}, "missing_lines": [150, 165, 166, 170, 171, 172, 173, 212, 213, 214, 224, 230, 231, 232, 233, 241, 242, 243, 269], "excluded_lines": [], "functions": {"RAGPipeline.__init__": {"executed_lines": [139, 140, 141, 142], "summary": {"covered_lines": 4, "num_statements": 4, "percent_covered": 100.0, "percent_covered_display": "100", "missing_lines": 0, "excluded_lines": 0, "percent_statements_covered": 100.0, "percent_statements_covered_display": "100"}, "missing_lines": [], "excluded_lines": [], "start_line": 128}, "RAGPipeline._get_client": {"executed_lines": [146, 147, 148, 151, 152, 153, 154], "summary": {"covered_lines": 7, "num_statements": 8, "percent_covered": 87.5, "percent_covered_display": "88", "missing_lines": 1, "excluded_lines": 0, "percent_statements_covered": 87.5, "percent_statements_covered_display": "88"}, "missing_lines": [150], "excluded_lines": [], "start_line": 144}, "RAGPipeline._get_collection": {"executed_lines": [158, 159, 161, 162, 163], "summary": {"covered_lines": 5, "num_statements": 11, "percent_covered": 45.45454545454545, "percent_covered_display": "45", "missing_lines": 6, "excluded_lines": 0, "percent_statements_covered": 45.45454545454545, "percent_statements_covered_display": "45"}, "missing_lines": [165, 166, 170, 171, 172, 173], "excluded_lines": [], "start_line": 156}, "RAGPipeline.index_documents": {"executed_lines": [185, 186, 188, 190, 191, 192, 194, 196, 197, 199, 200, 201, 202, 204, 209, 210], "summary": {"covered_lines": 16, "num_statements": 19, "percent_covered": 84.21052631578948, "percent_covered_display": "84", "missing_lines": 3, "excluded_lines": 0, "percent_statements_covered": 84.21052631578948, "percent_statements_covered_display": "84"}, "missing_lines": [212, 213, 214], "excluded_lines": [], "start_line": 175}, "RAGPipeline.index_golden_set": {"executed_lines": [222, 223, 226, 227, 228, 245, 246, 247], "summary": {"covered_lines": 8, "num_statements": 16, "percent_covered": 50.0, "percent_covered_display": "50", "missing_lines": 8, "excluded_lines": 0, "percent_statements_covered": 50.0, "percent_statements_covered_display": "50"}, "missing_lines": [224, 230, 231, 232, 233, 241, 242, 243], "excluded_lines": [], "start_line": 216}, "RAGPipeline.retrieve": {"executed_lines": [260, 262, 264, 266, 268, 271, 276, 277, 278, 279, 287, 289, 290, 291], "summary": {"covered_lines": 14, "num_statements": 15, "percent_covered": 93.33333333333333, "percent_covered_display": "93", "missing_lines": 1, "excluded_lines": 0, "percent_statements_covered": 93.33333333333333, "percent_statements_covered_display": "93"}, "missing_lines": [269], "excluded_lines": [], "start_line": 250}, "RAGPipeline._memory_search": {"executed_lines": [303, 304, 305, 307, 308, 310, 311, 312, 313, 315, 316], "summary": {"covered_lines": 11, "num_statements": 11, "percent_covered": 100.0, "percent_covered_display": "100", "missing_lines": 0, "excluded_lines": 0, "percent_statements_covered": 100.0, "percent_statements_covered_display": "100"}, "missing_lines": [], "excluded_lines": [], "start_line": 293}, "get_rag_pipeline": {"executed_lines": [333, 334, 335, 336], "summary": {"covered_lines": 4, "num_statements": 4, "percent_covered": 100.0, "percent_covered_display": "100", "missing_lines": 0, "excluded_lines": 0, "percent_statements_covered": 100.0, "percent_statements_covered_display": "100"}, "missing_lines": [], "excluded_lines": [], "start_line": 326}, "retrieve_context": {"executed_lines": [350, 351, 353, 354, 356, 357, 358, 359, 360, 362], "summary": {"covered_lines": 10, "num_statements": 10, "percent_covered": 100.0, "percent_covered_display": "100", "missing_lines": 0, "excluded_lines": 0, "percent_statements_covered": 100.0, "percent_statements_covered_display": "100"}, "missing_lines": [], "excluded_lines": [], "start_line": 340}, "": {"executed_lines": [12, 13, 14, 15, 17, 19, 21, 24, 115, 128, 144, 156, 175, 216, 249, 250, 293, 323, 326, 339, 340], "summary": {"covered_lines": 21, "num_statements": 21, "percent_covered": 100.0, "percent_covered_display": "100", "missing_lines": 0, "excluded_lines": 0, "percent_statements_covered": 100.0, "percent_statements_covered_display": "100"}, "missing_lines": [], "excluded_lines": [], "start_line": 1}}, "classes": {"RAGPipeline": {"executed_lines": [139, 140, 141, 142, 146, 147, 148, 151, 152, 153, 154, 158, 159, 161, 162, 163, 185, 186, 188, 190, 191, 192, 194, 196, 197, 199, 200, 201, 202, 204, 209, 210, 222, 223, 226, 227, 228, 245, 246, 247, 260, 262, 264, 266, 268, 271, 276, 277, 278, 279, 287, 289, 290, 291, 303, 304, 305, 307, 308, 310, 311, 312, 313, 315, 316], "summary": {"covered_lines": 65, "num_statements": 84, "percent_covered": 77.38095238095238, "percent_covered_display": "77", "missing_lines": 19, "excluded_lines": 0, "percent_statements_covered": 77.38095238095238, "percent_statements_covered_display": "77"}, "missing_lines": [150, 165, 166, 170, 171, 172, 173, 212, 213, 214, 224, 230, 231, 232, 233, 241, 242, 243, 269], "excluded_lines": [], "start_line": 115}, "": {"executed_lines": [12, 13, 14, 15, 17, 19, 21, 24, 115, 128, 144, 156, 175, 216, 249, 250, 293, 323, 326, 333, 334, 335, 336, 339, 340, 350, 351, 353, 354, 356, 357, 358, 359, 360, 362], "summary": {"covered_lines": 35, "num_statements": 35, "percent_covered": 100.0, "percent_covered_display": "100", "missing_lines": 0, "excluded_lines": 0, "percent_statements_covered": 100.0, "percent_statements_covered_display": "100"}, "missing_lines": [], "excluded_lines": [], "start_line": 1}}}, "src/agent/react_agent.py": {"executed_lines": [11, 12, 13, 14, 16, 17, 19, 21, 24, 49, 64, 79, 81, 82, 85, 86, 89, 90, 92, 93, 100, 102, 105, 118, 119, 120, 122, 127, 129, 132, 133, 134, 138, 139, 148, 149, 150, 165, 175, 176, 178, 179, 180, 181, 183, 185, 194, 195, 196, 197, 199, 200, 210, 211, 213, 214, 215, 216, 217, 218, 219, 221, 222, 234, 235, 240, 241, 243, 245, 248, 249, 250, 251, 259, 260, 261, 271, 272, 273, 276, 277, 289, 297, 345, 362], "summary": {"covered_lines": 85, "num_statements": 131, "percent_covered": 64.8854961832061, "percent_covered_display": "65", "missing_lines": 46, "excluded_lines": 0, "percent_statements_covered": 64.8854961832061, "percent_statements_covered_display": "65"}, "missing_lines": [103, 106, 107, 109, 110, 111, 112, 113, 114, 115, 116, 123, 124, 125, 128, 130, 131, 136, 152, 153, 159, 161, 162, 163, 280, 281, 309, 310, 312, 313, 315, 316, 325, 327, 328, 329, 330, 331, 332, 334, 336, 337, 338, 339, 340, 341], "excluded_lines": [], "functions": {"ReActAgent.__init__": {"executed_lines": [79, 81, 82, 85, 86, 89, 90, 92, 93], "summary": {"covered_lines": 9, "num_statements": 9, "percent_covered": 100.0, "percent_covered_display": "100", "missing_lines": 0, "excluded_lines": 0, "percent_statements_covered": 100.0, "percent_statements_covered_display": "100"}, "missing_lines": [], "excluded_lines": [], "start_line": 64}, "ReActAgent._get_client": {"executed_lines": [102, 105, 118, 119, 120, 122, 127, 129, 132, 133, 134], "summary": {"covered_lines": 11, "num_statements": 29, "percent_covered": 37.93103448275862, "percent_covered_display": "38", "missing_lines": 18, "excluded_lines": 0, "percent_statements_covered": 37.93103448275862, "percent_statements_covered_display": "38"}, "missing_lines": [103, 106, 107, 109, 110, 111, 112, 113, 114, 115, 116, 123, 124, 125, 128, 130, 131, 136], "excluded_lines": [], "start_line": 100}, "ReActAgent._call_llm": {"executed_lines": [148, 149, 150], "summary": {"covered_lines": 3, "num_statements": 9, "percent_covered": 33.333333333333336, "percent_covered_display": "33", "missing_lines": 6, "excluded_lines": 0, "percent_statements_covered": 33.333333333333336, "percent_statements_covered_display": "33"}, "missing_lines": [152, 153, 159, 161, 162, 163], "excluded_lines": [], "start_line": 139}, "ReActAgent._parse_action": {"executed_lines": [175, 176, 178, 179, 180, 181, 183], "summary": {"covered_lines": 7, "num_statements": 7, "percent_covered": 100.0, "percent_covered_display": "100", "missing_lines": 0, "excluded_lines": 0, "percent_statements_covered": 100.0, "percent_statements_covered_display": "100"}, "missing_lines": [], "excluded_lines": [], "start_line": 165}, "ReActAgent._parse_final_answer": {"executed_lines": [194, 195, 196, 197], "summary": {"covered_lines": 4, "num_statements": 4, "percent_covered": 100.0, "percent_covered_display": "100", "missing_lines": 0, "excluded_lines": 0, "percent_statements_covered": 100.0, "percent_statements_covered_display": "100"}, "missing_lines": [], "excluded_lines": [], "start_line": 185}, "ReActAgent._execute_tool": {"executed_lines": [210, 211, 213, 214, 215, 216, 217, 218, 219], "summary": {"covered_lines": 9, "num_statements": 9, "percent_covered": 100.0, "percent_covered_display": "100", "missing_lines": 0, "excluded_lines": 0, "percent_statements_covered": 100.0, "percent_statements_covered_display": "100"}, "missing_lines": [], "excluded_lines": [], "start_line": 200}, "ReActAgent.query": {"executed_lines": [234, 235, 240, 241, 243, 245, 248, 249, 250, 251, 259, 260, 261, 271, 272, 273, 276, 277, 289], "summary": {"covered_lines": 19, "num_statements": 21, "percent_covered": 90.47619047619048, "percent_covered_display": "90", "missing_lines": 2, "excluded_lines": 0, "percent_statements_covered": 90.47619047619048, "percent_statements_covered_display": "90"}, "missing_lines": [280, 281], "excluded_lines": [], "start_line": 222}, "ReActAgent.query_with_guardrails": {"executed_lines": [], "summary": {"covered_lines": 0, "num_statements": 20, "percent_covered": 0.0, "percent_covered_display": "0", "missing_lines": 20, "excluded_lines": 0, "percent_statements_covered": 0.0, "percent_statements_covered_display": "0"}, "missing_lines": [309, 310, 312, 313, 315, 316, 325, 327, 328, 329, 330, 331, 332, 334, 336, 337, 338, 339, 340, 341], "excluded_lines": [], "start_line": 297}, "create_agent": {"executed_lines": [362], "summary": {"covered_lines": 1, "num_statements": 1, "percent_covered": 100.0, "percent_covered_display": "100", "missing_lines": 0, "excluded_lines": 0, "percent_statements_covered": 100.0, "percent_statements_covered_display": "100"}, "missing_lines": [], "excluded_lines": [], "start_line": 345}, "": {"executed_lines": [11, 12, 13, 14, 16, 17, 19, 21, 24, 49, 64, 100, 138, 139, 165, 185, 199, 200, 221, 222, 297, 345], "summary": {"covered_lines": 22, "num_statements": 22, "percent_covered": 100.0, "percent_covered_display": "100", "missing_lines": 0, "excluded_lines": 0, "percent_statements_covered": 100.0, "percent_statements_covered_display": "100"}, "missing_lines": [], "excluded_lines": [], "start_line": 1}}, "classes": {"ReActAgent": {"executed_lines": [79, 81, 82, 85, 86, 89, 90, 92, 93, 102, 105, 118, 119, 120, 122, 127, 129, 132, 133, 134, 148, 149, 150, 175, 176, 178, 179, 180, 181, 183, 194, 195, 196, 197, 210, 211, 213, 214, 215, 216, 217, 218, 219, 234, 235, 240, 241, 243, 245, 248, 249, 250, 251, 259, 260, 261, 271, 272, 273, 276, 277, 289], "summary": {"covered_lines": 62, "num_statements": 108, "percent_covered": 57.407407407407405, "percent_covered_display": "57", "missing_lines": 46, "excluded_lines": 0, "percent_statements_covered": 57.407407407407405, "percent_statements_covered_display": "57"}, "missing_lines": [103, 106, 107, 109, 110, 111, 112, 113, 114, 115, 116, 123, 124, 125, 128, 130, 131, 136, 152, 153, 159, 161, 162, 163, 280, 281, 309, 310, 312, 313, 315, 316, 325, 327, 328, 329, 330, 331, 332, 334, 336, 337, 338, 339, 340, 341], "excluded_lines": [], "start_line": 49}, "": {"executed_lines": [11, 12, 13, 14, 16, 17, 19, 21, 24, 49, 64, 100, 138, 139, 165, 185, 199, 200, 221, 222, 297, 345, 362], "summary": {"covered_lines": 23, "num_statements": 23, "percent_covered": 100.0, "percent_covered_display": "100", "missing_lines": 0, "excluded_lines": 0, "percent_statements_covered": 100.0, "percent_statements_covered_display": "100"}, "missing_lines": [], "excluded_lines": [], "start_line": 1}}}, "src/agent/tools.py": {"executed_lines": [10, 11, 12, 13, 15, 16, 17, 18, 20, 22, 30, 31, 51, 52, 53, 55, 56, 57, 60, 62, 63, 64, 65, 66, 67, 68, 71, 72, 82, 83, 86, 90, 91, 93, 94, 95, 97, 101, 102, 103, 104, 105, 114, 116, 128, 129, 141, 142, 143, 144, 145, 147, 148, 150, 151, 249, 250, 261, 263, 264, 266, 267, 269, 272, 273, 274, 275, 276, 277, 279, 282, 283, 284, 285, 295, 296, 297, 298, 301, 302, 303, 304, 305, 307, 310, 322, 323, 335, 336, 338, 339, 341, 351], "summary": {"covered_lines": 93, "num_statements": 171, "percent_covered": 54.3859649122807, "percent_covered_display": "54", "missing_lines": 78, "excluded_lines": 0, "percent_statements_covered": 54.3859649122807, "percent_statements_covered_display": "54"}, "missing_lines": [69, 70, 84, 85, 87, 88, 98, 118, 119, 120, 152, 153, 155, 156, 158, 161, 162, 165, 166, 167, 168, 170, 171, 173, 181, 182, 185, 186, 187, 189, 190, 191, 192, 195, 196, 197, 198, 199, 201, 202, 203, 206, 207, 209, 210, 211, 212, 213, 214, 215, 216, 218, 219, 220, 222, 223, 225, 226, 227, 228, 229, 230, 232, 233, 234, 235, 237, 239, 240, 241, 308, 312, 313, 314, 340, 342, 343, 344], "excluded_lines": [], "functions": {"query_stock_data": {"executed_lines": [51, 52, 53, 55, 56, 57, 60, 62, 63, 64, 65, 66, 67, 68, 71, 72, 82, 83, 86, 90, 91, 93, 94, 95, 97, 101, 102, 103, 104, 105, 114, 116], "summary": {"covered_lines": 32, "num_statements": 42, "percent_covered": 76.19047619047619, "percent_covered_display": "76", "missing_lines": 10, "excluded_lines": 0, "percent_statements_covered": 76.19047619047619, "percent_statements_covered_display": "76"}, "missing_lines": [69, 70, 84, 85, 87, 88, 98, 118, 119, 120], "excluded_lines": [], "start_line": 31}, "predict_stock_prices": {"executed_lines": [141, 142, 143, 144, 145, 147, 148, 150, 151], "summary": {"covered_lines": 9, "num_statements": 69, "percent_covered": 13.043478260869565, "percent_covered_display": "13", "missing_lines": 60, "excluded_lines": 0, "percent_statements_covered": 13.043478260869565, "percent_statements_covered_display": "13"}, "missing_lines": [152, 153, 155, 156, 158, 161, 162, 165, 166, 167, 168, 170, 171, 173, 181, 182, 185, 186, 187, 189, 190, 191, 192, 195, 196, 197, 198, 199, 201, 202, 203, 206, 207, 209, 210, 211, 212, 213, 214, 215, 216, 218, 219, 220, 222, 223, 225, 226, 227, 228, 229, 230, 232, 233, 234, 235, 237, 239, 240, 241], "excluded_lines": [], "start_line": 129}, "get_model_metrics": {"executed_lines": [261, 263, 264, 266, 267, 269, 272, 273, 274, 275, 276, 277, 279, 282, 283, 284, 285, 295, 296, 297, 298, 301, 302, 303, 304, 305, 307, 310], "summary": {"covered_lines": 28, "num_statements": 32, "percent_covered": 87.5, "percent_covered_display": "88", "missing_lines": 4, "excluded_lines": 0, "percent_statements_covered": 87.5, "percent_statements_covered_display": "88"}, "missing_lines": [308, 312, 313, 314], "excluded_lines": [], "start_line": 250}, "search_documents": {"executed_lines": [335, 336, 338, 339, 341], "summary": {"covered_lines": 5, "num_statements": 9, "percent_covered": 55.55555555555556, "percent_covered_display": "56", "missing_lines": 4, "excluded_lines": 0, "percent_statements_covered": 55.55555555555556, "percent_statements_covered_display": "56"}, "missing_lines": [340, 342, 343, 344], "excluded_lines": [], "start_line": 323}, "": {"executed_lines": [10, 11, 12, 13, 15, 16, 17, 18, 20, 22, 30, 31, 128, 129, 249, 250, 322, 323, 351], "summary": {"covered_lines": 19, "num_statements": 19, "percent_covered": 100.0, "percent_covered_display": "100", "missing_lines": 0, "excluded_lines": 0, "percent_statements_covered": 100.0, "percent_statements_covered_display": "100"}, "missing_lines": [], "excluded_lines": [], "start_line": 1}}, "classes": {"": {"executed_lines": [10, 11, 12, 13, 15, 16, 17, 18, 20, 22, 30, 31, 51, 52, 53, 55, 56, 57, 60, 62, 63, 64, 65, 66, 67, 68, 71, 72, 82, 83, 86, 90, 91, 93, 94, 95, 97, 101, 102, 103, 104, 105, 114, 116, 128, 129, 141, 142, 143, 144, 145, 147, 148, 150, 151, 249, 250, 261, 263, 264, 266, 267, 269, 272, 273, 274, 275, 276, 277, 279, 282, 283, 284, 285, 295, 296, 297, 298, 301, 302, 303, 304, 305, 307, 310, 322, 323, 335, 336, 338, 339, 341, 351], "summary": {"covered_lines": 93, "num_statements": 171, "percent_covered": 54.3859649122807, "percent_covered_display": "54", "missing_lines": 78, "excluded_lines": 0, "percent_statements_covered": 54.3859649122807, "percent_statements_covered_display": "54"}, "missing_lines": [69, 70, 84, 85, 87, 88, 98, 118, 119, 120, 152, 153, 155, 156, 158, 161, 162, 165, 166, 167, 168, 170, 171, 173, 181, 182, 185, 186, 187, 189, 190, 191, 192, 195, 196, 197, 198, 199, 201, 202, 203, 206, 207, 209, 210, 211, 212, 213, 214, 215, 216, 218, 219, 220, 222, 223, 225, 226, 227, 228, 229, 230, 232, 233, 234, 235, 237, 239, 240, 241, 308, 312, 313, 314, 340, 342, 343, 344], "excluded_lines": [], "start_line": 1}}}, "src/api/__init__.py": {"executed_lines": [11, 13], "summary": {"covered_lines": 2, "num_statements": 2, "percent_covered": 100.0, "percent_covered_display": "100", "missing_lines": 0, "excluded_lines": 0, "percent_statements_covered": 100.0, "percent_statements_covered_display": "100"}, "missing_lines": [], "excluded_lines": [], "functions": {"": {"executed_lines": [11, 13], "summary": {"covered_lines": 2, "num_statements": 2, "percent_covered": 100.0, "percent_covered_display": "100", "missing_lines": 0, "excluded_lines": 0, "percent_statements_covered": 100.0, "percent_statements_covered_display": "100"}, "missing_lines": [], "excluded_lines": [], "start_line": 1}}, "classes": {"": {"executed_lines": [11, 13], "summary": {"covered_lines": 2, "num_statements": 2, "percent_covered": 100.0, "percent_covered_display": "100", "missing_lines": 0, "excluded_lines": 0, "percent_statements_covered": 100.0, "percent_statements_covered_display": "100"}, "missing_lines": [], "excluded_lines": [], "start_line": 1}}}, "src/api/dependencies.py": {"executed_lines": [5, 6, 7, 9, 10, 12, 13, 14, 16, 19, 22, 24, 25, 26, 27, 28, 30, 31, 32, 34, 35, 36, 37, 38, 39, 40, 41, 42, 44, 46, 48, 49, 51, 54, 57, 59, 63, 64, 65, 68, 69, 72, 73, 74, 77, 78, 81, 82, 83, 86, 90, 98, 99, 100, 102, 103, 105, 106, 107, 110, 111, 113, 114, 116, 118, 119, 120, 122, 124, 126, 127, 128, 129, 131, 132, 134, 138, 141, 143], "summary": {"covered_lines": 79, "num_statements": 80, "percent_covered": 98.75, "percent_covered_display": "99", "missing_lines": 1, "excluded_lines": 0, "percent_statements_covered": 98.75, "percent_statements_covered_display": "99"}, "missing_lines": [55], "excluded_lines": [], "functions": {"ModelState.__new__": {"executed_lines": [25, 26, 27, 28], "summary": {"covered_lines": 4, "num_statements": 4, "percent_covered": 100.0, "percent_covered_display": "100", "missing_lines": 0, "excluded_lines": 0, "percent_statements_covered": 100.0, "percent_statements_covered_display": "100"}, "missing_lines": [], "excluded_lines": [], "start_line": 24}, "ModelState.__init__": {"executed_lines": [31, 32, 34, 35, 36, 37, 38, 39, 40, 41, 42, 44], "summary": {"covered_lines": 12, "num_statements": 12, "percent_covered": 100.0, "percent_covered_display": "100", "missing_lines": 0, "excluded_lines": 0, "percent_statements_covered": 100.0, "percent_statements_covered_display": "100"}, "missing_lines": [], "excluded_lines": [], "start_line": 30}, "ModelState.load_model": {"executed_lines": [48, 49, 51, 54, 57, 59, 63, 64, 65, 68, 69, 72, 73, 74, 77, 78, 81, 82, 83, 86, 90, 98, 99, 100, 102, 103, 105, 106, 107, 110, 111, 113, 114, 116, 118, 119, 120, 122, 124, 126, 127, 128, 129], "summary": {"covered_lines": 43, "num_statements": 44, "percent_covered": 97.72727272727273, "percent_covered_display": "98", "missing_lines": 1, "excluded_lines": 0, "percent_statements_covered": 97.72727272727273, "percent_statements_covered_display": "98"}, "missing_lines": [55], "excluded_lines": [], "start_line": 46}, "ModelState.is_ready": {"executed_lines": [134], "summary": {"covered_lines": 1, "num_statements": 1, "percent_covered": 100.0, "percent_covered_display": "100", "missing_lines": 0, "excluded_lines": 0, "percent_statements_covered": 100.0, "percent_statements_covered_display": "100"}, "missing_lines": [], "excluded_lines": [], "start_line": 132}, "get_model_state": {"executed_lines": [143], "summary": {"covered_lines": 1, "num_statements": 1, "percent_covered": 100.0, "percent_covered_display": "100", "missing_lines": 0, "excluded_lines": 0, "percent_statements_covered": 100.0, "percent_statements_covered_display": "100"}, "missing_lines": [], "excluded_lines": [], "start_line": 141}, "": {"executed_lines": [5, 6, 7, 9, 10, 12, 13, 14, 16, 19, 22, 24, 30, 46, 131, 132, 138, 141], "summary": {"covered_lines": 18, "num_statements": 18, "percent_covered": 100.0, "percent_covered_display": "100", "missing_lines": 0, "excluded_lines": 0, "percent_statements_covered": 100.0, "percent_statements_covered_display": "100"}, "missing_lines": [], "excluded_lines": [], "start_line": 1}}, "classes": {"ModelState": {"executed_lines": [25, 26, 27, 28, 31, 32, 34, 35, 36, 37, 38, 39, 40, 41, 42, 44, 48, 49, 51, 54, 57, 59, 63, 64, 65, 68, 69, 72, 73, 74, 77, 78, 81, 82, 83, 86, 90, 98, 99, 100, 102, 103, 105, 106, 107, 110, 111, 113, 114, 116, 118, 119, 120, 122, 124, 126, 127, 128, 129, 134], "summary": {"covered_lines": 60, "num_statements": 61, "percent_covered": 98.36065573770492, "percent_covered_display": "98", "missing_lines": 1, "excluded_lines": 0, "percent_statements_covered": 98.36065573770492, "percent_statements_covered_display": "98"}, "missing_lines": [55], "excluded_lines": [], "start_line": 19}, "": {"executed_lines": [5, 6, 7, 9, 10, 12, 13, 14, 16, 19, 22, 24, 30, 46, 131, 132, 138, 141, 143], "summary": {"covered_lines": 19, "num_statements": 19, "percent_covered": 100.0, "percent_covered_display": "100", "missing_lines": 0, "excluded_lines": 0, "percent_statements_covered": 100.0, "percent_statements_covered_display": "100"}, "missing_lines": [], "excluded_lines": [], "start_line": 1}}}, "src/api/main.py": {"executed_lines": [7, 8, 9, 10, 12, 13, 14, 16, 17, 29, 30, 33, 34, 37, 38, 40, 42, 43, 44, 50, 51, 53, 57, 58, 60, 64, 65, 67, 71, 72, 74, 78, 79, 81, 86, 87, 125, 152, 183, 192, 193, 194, 195, 196, 197, 198, 199, 200, 201, 205, 206, 208, 210, 211, 213, 214, 215, 216, 217, 218, 221, 222, 224, 228, 234, 237, 238, 243, 244, 263], "summary": {"covered_lines": 70, "num_statements": 129, "percent_covered": 54.263565891472865, "percent_covered_display": "54", "missing_lines": 59, "excluded_lines": 0, "percent_statements_covered": 54.263565891472865, "percent_statements_covered_display": "54"}, "missing_lines": [45, 46, 47, 54, 55, 61, 62, 68, 69, 75, 76, 82, 83, 90, 93, 94, 97, 98, 99, 101, 104, 105, 106, 108, 112, 113, 116, 118, 121, 122, 127, 128, 129, 130, 131, 132, 133, 134, 135, 136, 137, 138, 139, 141, 142, 144, 145, 146, 148, 225, 226, 229, 230, 231, 232, 240, 246, 264, 266], "excluded_lines": [], "functions": {"lifespan": {"executed_lines": [], "summary": {"covered_lines": 0, "num_statements": 17, "percent_covered": 0.0, "percent_covered_display": "0", "missing_lines": 17, "excluded_lines": 0, "percent_statements_covered": 0.0, "percent_statements_covered_display": "0"}, "missing_lines": [90, 93, 94, 97, 98, 99, 101, 104, 105, 106, 108, 112, 113, 116, 118, 121, 122], "excluded_lines": [], "start_line": 87}, "_health_check_loop": {"executed_lines": [], "summary": {"covered_lines": 0, "num_statements": 19, "percent_covered": 0.0, "percent_covered_display": "0", "missing_lines": 19, "excluded_lines": 0, "percent_statements_covered": 0.0, "percent_statements_covered_display": "0"}, "missing_lines": [127, 128, 129, 130, 131, 132, 133, 134, 135, 136, 137, 138, 139, 141, 142, 144, 145, 146, 148], "excluded_lines": [], "start_line": 125}, "prometheus_middleware": {"executed_lines": [208, 210, 211, 213, 214, 215, 216, 217, 218, 221, 222, 224, 228, 234], "summary": {"covered_lines": 14, "num_statements": 20, "percent_covered": 70.0, "percent_covered_display": "70", "missing_lines": 6, "excluded_lines": 0, "percent_statements_covered": 70.0, "percent_statements_covered_display": "70"}, "missing_lines": [225, 226, 229, 230, 231, 232], "excluded_lines": [], "start_line": 206}, "metrics": {"executed_lines": [], "summary": {"covered_lines": 0, "num_statements": 1, "percent_covered": 0.0, "percent_covered_display": "0", "missing_lines": 1, "excluded_lines": 0, "percent_statements_covered": 0.0, "percent_statements_covered_display": "0"}, "missing_lines": [240], "excluded_lines": [], "start_line": 238}, "root": {"executed_lines": [], "summary": {"covered_lines": 0, "num_statements": 1, "percent_covered": 0.0, "percent_covered_display": "0", "missing_lines": 1, "excluded_lines": 0, "percent_statements_covered": 0.0, "percent_statements_covered_display": "0"}, "missing_lines": [246], "excluded_lines": [], "start_line": 244}, "": {"executed_lines": [7, 8, 9, 10, 12, 13, 14, 16, 17, 29, 30, 33, 34, 37, 38, 40, 42, 43, 44, 50, 51, 53, 57, 58, 60, 64, 65, 67, 71, 72, 74, 78, 79, 81, 86, 87, 125, 152, 183, 192, 193, 194, 195, 196, 197, 198, 199, 200, 201, 205, 206, 237, 238, 243, 244, 263], "summary": {"covered_lines": 56, "num_statements": 71, "percent_covered": 78.87323943661971, "percent_covered_display": "79", "missing_lines": 15, "excluded_lines": 0, "percent_statements_covered": 78.87323943661971, "percent_statements_covered_display": "79"}, "missing_lines": [45, 46, 47, 54, 55, 61, 62, 68, 69, 75, 76, 82, 83, 264, 266], "excluded_lines": [], "start_line": 1}}, "classes": {"": {"executed_lines": [7, 8, 9, 10, 12, 13, 14, 16, 17, 29, 30, 33, 34, 37, 38, 40, 42, 43, 44, 50, 51, 53, 57, 58, 60, 64, 65, 67, 71, 72, 74, 78, 79, 81, 86, 87, 125, 152, 183, 192, 193, 194, 195, 196, 197, 198, 199, 200, 201, 205, 206, 208, 210, 211, 213, 214, 215, 216, 217, 218, 221, 222, 224, 228, 234, 237, 238, 243, 244, 263], "summary": {"covered_lines": 70, "num_statements": 129, "percent_covered": 54.263565891472865, "percent_covered_display": "54", "missing_lines": 59, "excluded_lines": 0, "percent_statements_covered": 54.263565891472865, "percent_statements_covered_display": "54"}, "missing_lines": [45, 46, 47, 54, 55, 61, 62, 68, 69, 75, 76, 82, 83, 90, 93, 94, 97, 98, 99, 101, 104, 105, 106, 108, 112, 113, 116, 118, 121, 122, 127, 128, 129, 130, 131, 132, 133, 134, 135, 136, 137, 138, 139, 141, 142, 144, 145, 146, 148, 225, 226, 229, 230, 231, 232, 240, 246, 264, 266], "excluded_lines": [], "start_line": 1}}}, "src/api/routers/__init__.py": {"executed_lines": [5, 6, 7, 8, 9, 10, 11, 12, 13, 14, 16], "summary": {"covered_lines": 11, "num_statements": 11, "percent_covered": 100.0, "percent_covered_display": "100", "missing_lines": 0, "excluded_lines": 0, "percent_statements_covered": 100.0, "percent_statements_covered_display": "100"}, "missing_lines": [], "excluded_lines": [], "functions": {"": {"executed_lines": [5, 6, 7, 8, 9, 10, 11, 12, 13, 14, 16], "summary": {"covered_lines": 11, "num_statements": 11, "percent_covered": 100.0, "percent_covered_display": "100", "missing_lines": 0, "excluded_lines": 0, "percent_statements_covered": 100.0, "percent_statements_covered_display": "100"}, "missing_lines": [], "excluded_lines": [], "start_line": 1}}, "classes": {"": {"executed_lines": [5, 6, 7, 8, 9, 10, 11, 12, 13, 14, 16], "summary": {"covered_lines": 11, "num_statements": 11, "percent_covered": 100.0, "percent_covered_display": "100", "missing_lines": 0, "excluded_lines": 0, "percent_statements_covered": 100.0, "percent_statements_covered_display": "100"}, "missing_lines": [], "excluded_lines": [], "start_line": 1}}}, "src/api/routers/agent.py": {"executed_lines": [7, 8, 9, 11, 12, 14, 16, 18, 24, 27, 34, 38, 44, 50, 56, 59, 60, 61, 62, 63, 64, 67, 70, 71, 72, 73, 74, 80, 81, 87, 88, 89, 91, 97, 98, 100, 102, 105, 106, 108, 109, 118, 119, 120, 121, 127, 128, 130, 131, 132, 134, 137, 138, 139, 141, 142, 143, 144, 146, 153, 154, 155], "summary": {"covered_lines": 62, "num_statements": 62, "percent_covered": 100.0, "percent_covered_display": "100", "missing_lines": 0, "excluded_lines": 0, "percent_statements_covered": 100.0, "percent_statements_covered_display": "100"}, "missing_lines": [], "excluded_lines": [], "functions": {"query_agent": {"executed_lines": [87, 88, 89, 91, 97, 98, 100, 102, 105, 106, 108, 109, 118, 119, 120, 121], "summary": {"covered_lines": 16, "num_statements": 16, "percent_covered": 100.0, "percent_covered_display": "100", "missing_lines": 0, "excluded_lines": 0, "percent_statements_covered": 100.0, "percent_statements_covered_display": "100"}, "missing_lines": [], "excluded_lines": [], "start_line": 81}, "agent_health": {"executed_lines": [130, 131, 132, 134, 137, 138, 139, 141, 142, 143, 144, 146, 153, 154, 155], "summary": {"covered_lines": 15, "num_statements": 15, "percent_covered": 100.0, "percent_covered_display": "100", "missing_lines": 0, "excluded_lines": 0, "percent_statements_covered": 100.0, "percent_statements_covered_display": "100"}, "missing_lines": [], "excluded_lines": [], "start_line": 128}, "": {"executed_lines": [7, 8, 9, 11, 12, 14, 16, 18, 24, 27, 34, 38, 44, 50, 56, 59, 60, 61, 62, 63, 64, 67, 70, 71, 72, 73, 74, 80, 81, 127, 128], "summary": {"covered_lines": 31, "num_statements": 31, "percent_covered": 100.0, "percent_covered_display": "100", "missing_lines": 0, "excluded_lines": 0, "percent_statements_covered": 100.0, "percent_statements_covered_display": "100"}, "missing_lines": [], "excluded_lines": [], "start_line": 1}}, "classes": {"AgentQueryRequest": {"executed_lines": [], "summary": {"covered_lines": 0, "num_statements": 0, "percent_covered": 100.0, "percent_covered_display": "100", "missing_lines": 0, "excluded_lines": 0, "percent_statements_covered": 100.0, "percent_statements_covered_display": "100"}, "missing_lines": [], "excluded_lines": [], "start_line": 24}, "AgentQueryResponse": {"executed_lines": [], "summary": {"covered_lines": 0, "num_statements": 0, "percent_covered": 100.0, "percent_covered_display": "100", "missing_lines": 0, "excluded_lines": 0, "percent_statements_covered": 100.0, "percent_statements_covered_display": "100"}, "missing_lines": [], "excluded_lines": [], "start_line": 56}, "AgentHealthResponse": {"executed_lines": [], "summary": {"covered_lines": 0, "num_statements": 0, "percent_covered": 100.0, "percent_covered_display": "100", "missing_lines": 0, "excluded_lines": 0, "percent_statements_covered": 100.0, "percent_statements_covered_display": "100"}, "missing_lines": [], "excluded_lines": [], "start_line": 67}, "": {"executed_lines": [7, 8, 9, 11, 12, 14, 16, 18, 24, 27, 34, 38, 44, 50, 56, 59, 60, 61, 62, 63, 64, 67, 70, 71, 72, 73, 74, 80, 81, 87, 88, 89, 91, 97, 98, 100, 102, 105, 106, 108, 109, 118, 119, 120, 121, 127, 128, 130, 131, 132, 134, 137, 138, 139, 141, 142, 143, 144, 146, 153, 154, 155], "summary": {"covered_lines": 62, "num_statements": 62, "percent_covered": 100.0, "percent_covered_display": "100", "missing_lines": 0, "excluded_lines": 0, "percent_statements_covered": 100.0, "percent_statements_covered_display": "100"}, "missing_lines": [], "excluded_lines": [], "start_line": 1}}}, "src/api/routers/data.py": {"executed_lines": [5, 6, 8, 9, 11, 12, 14, 17, 18, 19, 30, 31, 32, 33, 36, 38, 40, 41, 44, 45, 46, 54, 56, 66, 67, 73, 74, 80, 81, 82, 83, 84, 86, 87, 88, 96, 98, 115, 116, 122, 123, 124, 126, 172, 173, 177, 184, 185], "summary": {"covered_lines": 48, "num_statements": 76, "percent_covered": 63.1578947368421, "percent_covered_display": "63", "missing_lines": 28, "excluded_lines": 0, "percent_statements_covered": 63.1578947368421, "percent_statements_covered_display": "63"}, "missing_lines": [37, 39, 108, 109, 165, 166, 191, 192, 195, 196, 197, 200, 201, 203, 204, 206, 207, 208, 210, 212, 214, 215, 216, 227, 233, 234, 235, 236], "excluded_lines": [], "functions": {"get_data": {"executed_lines": [30, 31, 32, 33, 36, 38, 40, 41, 44, 45, 46, 54, 56, 66, 67], "summary": {"covered_lines": 15, "num_statements": 17, "percent_covered": 88.23529411764706, "percent_covered_display": "88", "missing_lines": 2, "excluded_lines": 0, "percent_statements_covered": 88.23529411764706, "percent_statements_covered_display": "88"}, "missing_lines": [37, 39], "excluded_lines": [], "start_line": 19}, "get_latest_data": {"executed_lines": [80, 81, 82, 83, 84, 86, 87, 88, 96, 98], "summary": {"covered_lines": 10, "num_statements": 12, "percent_covered": 83.33333333333333, "percent_covered_display": "83", "missing_lines": 2, "excluded_lines": 0, "percent_statements_covered": 83.33333333333333, "percent_statements_covered_display": "83"}, "missing_lines": [108, 109], "excluded_lines": [], "start_line": 74}, "get_data_summary": {"executed_lines": [122, 123, 124, 126], "summary": {"covered_lines": 4, "num_statements": 6, "percent_covered": 66.66666666666667, "percent_covered_display": "67", "missing_lines": 2, "excluded_lines": 0, "percent_statements_covered": 66.66666666666667, "percent_statements_covered_display": "67"}, "missing_lines": [165, 166], "excluded_lines": [], "start_line": 116}, "get_columns": {"executed_lines": [177], "summary": {"covered_lines": 1, "num_statements": 1, "percent_covered": 100.0, "percent_covered_display": "100", "missing_lines": 0, "excluded_lines": 0, "percent_statements_covered": 100.0, "percent_statements_covered_display": "100"}, "missing_lines": [], "excluded_lines": [], "start_line": 173}, "get_live_data": {"executed_lines": [], "summary": {"covered_lines": 0, "num_statements": 22, "percent_covered": 0.0, "percent_covered_display": "0", "missing_lines": 22, "excluded_lines": 0, "percent_statements_covered": 0.0, "percent_statements_covered_display": "0"}, "missing_lines": [191, 192, 195, 196, 197, 200, 201, 203, 204, 206, 207, 208, 210, 212, 214, 215, 216, 227, 233, 234, 235, 236], "excluded_lines": [], "start_line": 185}, "": {"executed_lines": [5, 6, 8, 9, 11, 12, 14, 17, 18, 19, 73, 74, 115, 116, 172, 173, 184, 185], "summary": {"covered_lines": 18, "num_statements": 18, "percent_covered": 100.0, "percent_covered_display": "100", "missing_lines": 0, "excluded_lines": 0, "percent_statements_covered": 100.0, "percent_statements_covered_display": "100"}, "missing_lines": [], "excluded_lines": [], "start_line": 1}}, "classes": {"": {"executed_lines": [5, 6, 8, 9, 11, 12, 14, 17, 18, 19, 30, 31, 32, 33, 36, 38, 40, 41, 44, 45, 46, 54, 56, 66, 67, 73, 74, 80, 81, 82, 83, 84, 86, 87, 88, 96, 98, 115, 116, 122, 123, 124, 126, 172, 173, 177, 184, 185], "summary": {"covered_lines": 48, "num_statements": 76, "percent_covered": 63.1578947368421, "percent_covered_display": "63", "missing_lines": 28, "excluded_lines": 0, "percent_statements_covered": 63.1578947368421, "percent_statements_covered_display": "63"}, "missing_lines": [37, 39, 108, 109, 165, 166, 191, 192, 195, 196, 197, 200, 201, 203, 204, 206, 207, 208, 210, 212, 214, 215, 216, 227, 233, 234, 235, 236], "excluded_lines": [], "start_line": 1}}}, "src/api/routers/evaluation_api.py": {"executed_lines": [7, 8, 9, 11, 13, 14, 16, 19, 20, 22, 23, 24, 26, 27, 28, 31, 32, 33, 34, 35, 38, 39, 46, 54, 66, 172, 173, 207, 208, 210, 211, 212, 214, 215, 218, 219, 222, 223, 225, 228, 229, 232, 233, 234, 236, 237, 238, 239, 240, 242, 243, 245, 248, 249, 250, 251, 252, 254, 255, 264, 265, 267, 268, 269, 270, 274, 285, 286, 315, 316, 377, 378, 405, 406, 408, 409, 410, 412, 413, 414, 419, 420, 421, 422, 423, 428, 429, 431], "summary": {"covered_lines": 88, "num_statements": 244, "percent_covered": 36.0655737704918, "percent_covered_display": "36", "missing_lines": 156, "excluded_lines": 0, "percent_statements_covered": 36.0655737704918, "percent_statements_covered_display": "36"}, "missing_lines": [47, 48, 49, 50, 51, 52, 61, 62, 63, 69, 70, 72, 73, 74, 76, 77, 78, 80, 82, 84, 85, 86, 87, 89, 90, 91, 93, 94, 95, 96, 99, 100, 101, 102, 105, 106, 107, 108, 111, 112, 113, 114, 115, 116, 117, 119, 120, 122, 123, 126, 127, 128, 129, 130, 131, 132, 134, 135, 136, 137, 139, 141, 152, 153, 154, 167, 169, 175, 176, 177, 181, 182, 183, 184, 185, 186, 187, 196, 202, 203, 204, 226, 235, 271, 272, 280, 281, 282, 288, 289, 290, 291, 292, 293, 294, 295, 296, 304, 310, 311, 312, 318, 319, 320, 322, 323, 325, 326, 328, 329, 330, 332, 333, 335, 344, 345, 346, 347, 348, 349, 350, 352, 353, 355, 356, 357, 358, 366, 372, 373, 374, 380, 382, 383, 384, 385, 386, 387, 389, 390, 391, 392, 393, 394, 396, 397, 398, 399, 400, 402, 415, 416, 417, 424, 425, 426], "excluded_lines": [], "functions": {"get_evaluation_results": {"executed_lines": [22, 23, 24, 26, 27, 28, 31, 32, 33, 34, 35, 38, 46, 54], "summary": {"covered_lines": 14, "num_statements": 23, "percent_covered": 60.869565217391305, "percent_covered_display": "61", "missing_lines": 9, "excluded_lines": 0, "percent_statements_covered": 60.869565217391305, "percent_statements_covered_display": "61"}, "missing_lines": [47, 48, 49, 50, 51, 52, 61, 62, 63], "excluded_lines": [], "start_line": 20}, "get_evaluation_results._metrics_incomplete": {"executed_lines": [39], "summary": {"covered_lines": 1, "num_statements": 1, "percent_covered": 100.0, "percent_covered_display": "100", "missing_lines": 0, "excluded_lines": 0, "percent_statements_covered": 100.0, "percent_statements_covered_display": "100"}, "missing_lines": [], "excluded_lines": [], "start_line": 38}, "_enrich_metrics_from_model": {"executed_lines": [], "summary": {"covered_lines": 0, "num_statements": 50, "percent_covered": 0.0, "percent_covered_display": "0", "missing_lines": 50, "excluded_lines": 0, "percent_statements_covered": 0.0, "percent_statements_covered_display": "0"}, "missing_lines": [69, 70, 72, 73, 74, 76, 77, 78, 80, 82, 84, 85, 86, 87, 89, 90, 91, 93, 94, 95, 96, 99, 100, 101, 102, 105, 106, 107, 108, 111, 122, 123, 126, 127, 128, 129, 130, 131, 132, 134, 135, 136, 137, 139, 141, 152, 153, 154, 167, 169], "excluded_lines": [], "start_line": 66}, "_enrich_metrics_from_model._inverse": {"executed_lines": [], "summary": {"covered_lines": 0, "num_statements": 8, "percent_covered": 0.0, "percent_covered_display": "0", "missing_lines": 8, "excluded_lines": 0, "percent_statements_covered": 0.0, "percent_statements_covered_display": "0"}, "missing_lines": [112, 113, 114, 115, 116, 117, 119, 120], "excluded_lines": [], "start_line": 111}, "get_explainability_cached": {"executed_lines": [], "summary": {"covered_lines": 0, "num_statements": 14, "percent_covered": 0.0, "percent_covered_display": "0", "missing_lines": 14, "excluded_lines": 0, "percent_statements_covered": 0.0, "percent_statements_covered_display": "0"}, "missing_lines": [175, 176, 177, 181, 182, 183, 184, 185, 186, 187, 196, 202, 203, 204], "excluded_lines": [], "start_line": 173}, "run_explainability": {"executed_lines": [210, 211, 212, 214, 215, 218, 219, 222, 223, 225, 228, 229, 232, 233, 234, 236, 237, 238, 239, 240, 242, 243, 245, 248, 249, 250, 251, 252, 254, 255, 264, 265, 267, 268, 269, 270, 274], "summary": {"covered_lines": 37, "num_statements": 44, "percent_covered": 84.0909090909091, "percent_covered_display": "84", "missing_lines": 7, "excluded_lines": 0, "percent_statements_covered": 84.0909090909091, "percent_statements_covered_display": "84"}, "missing_lines": [226, 235, 271, 272, 280, 281, 282], "excluded_lines": [], "start_line": 208}, "get_lime_cached": {"executed_lines": [], "summary": {"covered_lines": 0, "num_statements": 13, "percent_covered": 0.0, "percent_covered_display": "0", "missing_lines": 13, "excluded_lines": 0, "percent_statements_covered": 0.0, "percent_statements_covered_display": "0"}, "missing_lines": [288, 289, 290, 291, 292, 293, 294, 295, 296, 304, 310, 311, 312], "excluded_lines": [], "start_line": 286}, "run_lime": {"executed_lines": [], "summary": {"covered_lines": 0, "num_statements": 30, "percent_covered": 0.0, "percent_covered_display": "0", "missing_lines": 30, "excluded_lines": 0, "percent_statements_covered": 0.0, "percent_statements_covered_display": "0"}, "missing_lines": [318, 319, 320, 322, 323, 325, 326, 328, 329, 330, 332, 333, 335, 344, 345, 346, 347, 348, 349, 350, 352, 353, 355, 356, 357, 358, 366, 372, 373, 374], "excluded_lines": [], "start_line": 316}, "run_llm_evaluation": {"executed_lines": [], "summary": {"covered_lines": 0, "num_statements": 19, "percent_covered": 0.0, "percent_covered_display": "0", "missing_lines": 19, "excluded_lines": 0, "percent_statements_covered": 0.0, "percent_statements_covered_display": "0"}, "missing_lines": [380, 382, 383, 384, 385, 386, 387, 389, 390, 391, 392, 393, 394, 396, 397, 398, 399, 400, 402], "excluded_lines": [], "start_line": 378}, "get_llm_evaluation_results": {"executed_lines": [408, 409, 410, 412, 413, 414, 419, 428, 429, 431], "summary": {"covered_lines": 10, "num_statements": 13, "percent_covered": 76.92307692307692, "percent_covered_display": "77", "missing_lines": 3, "excluded_lines": 0, "percent_statements_covered": 76.92307692307692, "percent_statements_covered_display": "77"}, "missing_lines": [415, 416, 417], "excluded_lines": [], "start_line": 406}, "get_llm_evaluation_results._load_json": {"executed_lines": [420, 421, 422, 423], "summary": {"covered_lines": 4, "num_statements": 7, "percent_covered": 57.142857142857146, "percent_covered_display": "57", "missing_lines": 3, "excluded_lines": 0, "percent_statements_covered": 57.142857142857146, "percent_statements_covered_display": "57"}, "missing_lines": [424, 425, 426], "excluded_lines": [], "start_line": 419}, "": {"executed_lines": [7, 8, 9, 11, 13, 14, 16, 19, 20, 66, 172, 173, 207, 208, 285, 286, 315, 316, 377, 378, 405, 406], "summary": {"covered_lines": 22, "num_statements": 22, "percent_covered": 100.0, "percent_covered_display": "100", "missing_lines": 0, "excluded_lines": 0, "percent_statements_covered": 100.0, "percent_statements_covered_display": "100"}, "missing_lines": [], "excluded_lines": [], "start_line": 1}}, "classes": {"": {"executed_lines": [7, 8, 9, 11, 13, 14, 16, 19, 20, 22, 23, 24, 26, 27, 28, 31, 32, 33, 34, 35, 38, 39, 46, 54, 66, 172, 173, 207, 208, 210, 211, 212, 214, 215, 218, 219, 222, 223, 225, 228, 229, 232, 233, 234, 236, 237, 238, 239, 240, 242, 243, 245, 248, 249, 250, 251, 252, 254, 255, 264, 265, 267, 268, 269, 270, 274, 285, 286, 315, 316, 377, 378, 405, 406, 408, 409, 410, 412, 413, 414, 419, 420, 421, 422, 423, 428, 429, 431], "summary": {"covered_lines": 88, "num_statements": 244, "percent_covered": 36.0655737704918, "percent_covered_display": "36", "missing_lines": 156, "excluded_lines": 0, "percent_statements_covered": 36.0655737704918, "percent_statements_covered_display": "36"}, "missing_lines": [47, 48, 49, 50, 51, 52, 61, 62, 63, 69, 70, 72, 73, 74, 76, 77, 78, 80, 82, 84, 85, 86, 87, 89, 90, 91, 93, 94, 95, 96, 99, 100, 101, 102, 105, 106, 107, 108, 111, 112, 113, 114, 115, 116, 117, 119, 120, 122, 123, 126, 127, 128, 129, 130, 131, 132, 134, 135, 136, 137, 139, 141, 152, 153, 154, 167, 169, 175, 176, 177, 181, 182, 183, 184, 185, 186, 187, 196, 202, 203, 204, 226, 235, 271, 272, 280, 281, 282, 288, 289, 290, 291, 292, 293, 294, 295, 296, 304, 310, 311, 312, 318, 319, 320, 322, 323, 325, 326, 328, 329, 330, 332, 333, 335, 344, 345, 346, 347, 348, 349, 350, 352, 353, 355, 356, 357, 358, 366, 372, 373, 374, 380, 382, 383, 384, 385, 386, 387, 389, 390, 391, 392, 393, 394, 396, 397, 398, 399, 400, 402, 415, 416, 417, 424, 425, 426], "excluded_lines": [], "start_line": 1}}}, "src/api/routers/health.py": {"executed_lines": [5, 6, 7, 9, 10, 12, 13, 14, 16, 19, 20, 21, 29, 30, 31, 32, 37, 40, 43, 44, 47, 58, 59, 65, 67, 70, 71, 77], "summary": {"covered_lines": 28, "num_statements": 32, "percent_covered": 87.5, "percent_covered_display": "88", "missing_lines": 4, "excluded_lines": 0, "percent_statements_covered": 87.5, "percent_statements_covered_display": "88"}, "missing_lines": [33, 34, 45, 66], "excluded_lines": [], "functions": {"health_check": {"executed_lines": [29, 30, 31, 32, 37, 40, 43, 44, 47], "summary": {"covered_lines": 9, "num_statements": 12, "percent_covered": 75.0, "percent_covered_display": "75", "missing_lines": 3, "excluded_lines": 0, "percent_statements_covered": 75.0, "percent_statements_covered_display": "75"}, "missing_lines": [33, 34, 45], "excluded_lines": [], "start_line": 21}, "readiness_check": {"executed_lines": [65, 67], "summary": {"covered_lines": 2, "num_statements": 3, "percent_covered": 66.66666666666667, "percent_covered_display": "67", "missing_lines": 1, "excluded_lines": 0, "percent_statements_covered": 66.66666666666667, "percent_statements_covered_display": "67"}, "missing_lines": [66], "excluded_lines": [], "start_line": 59}, "liveness_check": {"executed_lines": [77], "summary": {"covered_lines": 1, "num_statements": 1, "percent_covered": 100.0, "percent_covered_display": "100", "missing_lines": 0, "excluded_lines": 0, "percent_statements_covered": 100.0, "percent_statements_covered_display": "100"}, "missing_lines": [], "excluded_lines": [], "start_line": 71}, "": {"executed_lines": [5, 6, 7, 9, 10, 12, 13, 14, 16, 19, 20, 21, 58, 59, 70, 71], "summary": {"covered_lines": 16, "num_statements": 16, "percent_covered": 100.0, "percent_covered_display": "100", "missing_lines": 0, "excluded_lines": 0, "percent_statements_covered": 100.0, "percent_statements_covered_display": "100"}, "missing_lines": [], "excluded_lines": [], "start_line": 1}}, "classes": {"": {"executed_lines": [5, 6, 7, 9, 10, 12, 13, 14, 16, 19, 20, 21, 29, 30, 31, 32, 37, 40, 43, 44, 47, 58, 59, 65, 67, 70, 71, 77], "summary": {"covered_lines": 28, "num_statements": 32, "percent_covered": 87.5, "percent_covered_display": "88", "missing_lines": 4, "excluded_lines": 0, "percent_statements_covered": 87.5, "percent_statements_covered_display": "88"}, "missing_lines": [33, 34, 45, 66], "excluded_lines": [], "start_line": 1}}}, "src/api/routers/logs.py": {"executed_lines": [9, 10, 11, 12, 14, 16, 17, 19, 22, 33, 34, 50, 51, 59, 60, 96, 97, 102, 103, 114, 115, 130, 131, 151, 152, 184, 185], "summary": {"covered_lines": 27, "num_statements": 94, "percent_covered": 28.72340425531915, "percent_covered_display": "29", "missing_lines": 67, "excluded_lines": 0, "percent_statements_covered": 28.72340425531915, "percent_statements_covered_display": "29"}, "missing_lines": [23, 25, 38, 39, 55, 56, 69, 77, 99, 105, 106, 117, 118, 119, 120, 121, 122, 124, 125, 126, 127, 133, 134, 135, 136, 137, 138, 139, 140, 141, 142, 143, 145, 146, 147, 148, 154, 155, 156, 157, 163, 164, 165, 166, 172, 173, 174, 175, 176, 177, 178, 179, 180, 181, 187, 188, 189, 190, 191, 192, 193, 194, 195, 196, 197, 198, 199], "excluded_lines": [], "functions": {"_db": {"executed_lines": [], "summary": {"covered_lines": 0, "num_statements": 2, "percent_covered": 0.0, "percent_covered_display": "0", "missing_lines": 2, "excluded_lines": 0, "percent_statements_covered": 0.0, "percent_statements_covered_display": "0"}, "missing_lines": [23, 25], "excluded_lines": [], "start_line": 22}, "get_log_stats": {"executed_lines": [], "summary": {"covered_lines": 0, "num_statements": 2, "percent_covered": 0.0, "percent_covered_display": "0", "missing_lines": 2, "excluded_lines": 0, "percent_statements_covered": 0.0, "percent_statements_covered_display": "0"}, "missing_lines": [38, 39], "excluded_lines": [], "start_line": 34}, "get_log_timeline": {"executed_lines": [], "summary": {"covered_lines": 0, "num_statements": 2, "percent_covered": 0.0, "percent_covered_display": "0", "missing_lines": 2, "excluded_lines": 0, "percent_statements_covered": 0.0, "percent_statements_covered_display": "0"}, "missing_lines": [55, 56], "excluded_lines": [], "start_line": 51}, "get_log_entries": {"executed_lines": [], "summary": {"covered_lines": 0, "num_statements": 2, "percent_covered": 0.0, "percent_covered_display": "0", "missing_lines": 2, "excluded_lines": 0, "percent_statements_covered": 0.0, "percent_statements_covered_display": "0"}, "missing_lines": [69, 77], "excluded_lines": [], "start_line": 60}, "get_log_sources": {"executed_lines": [], "summary": {"covered_lines": 0, "num_statements": 1, "percent_covered": 0.0, "percent_covered_display": "0", "missing_lines": 1, "excluded_lines": 0, "percent_statements_covered": 0.0, "percent_statements_covered_display": "0"}, "missing_lines": [99], "excluded_lines": [], "start_line": 97}, "cleanup_old_logs": {"executed_lines": [], "summary": {"covered_lines": 0, "num_statements": 2, "percent_covered": 0.0, "percent_covered_display": "0", "missing_lines": 2, "excluded_lines": 0, "percent_statements_covered": 0.0, "percent_statements_covered_display": "0"}, "missing_lines": [105, 106], "excluded_lines": [], "start_line": 103}, "get_api_logs": {"executed_lines": [], "summary": {"covered_lines": 0, "num_statements": 10, "percent_covered": 0.0, "percent_covered_display": "0", "missing_lines": 10, "excluded_lines": 0, "percent_statements_covered": 0.0, "percent_statements_covered_display": "0"}, "missing_lines": [117, 118, 119, 120, 121, 122, 124, 125, 126, 127], "excluded_lines": [], "start_line": 115}, "get_training_logs": {"executed_lines": [], "summary": {"covered_lines": 0, "num_statements": 15, "percent_covered": 0.0, "percent_covered_display": "0", "missing_lines": 15, "excluded_lines": 0, "percent_statements_covered": 0.0, "percent_statements_covered_display": "0"}, "missing_lines": [133, 134, 135, 136, 137, 138, 139, 140, 141, 142, 143, 145, 146, 147, 148], "excluded_lines": [], "start_line": 131}, "get_services_logs": {"executed_lines": [], "summary": {"covered_lines": 0, "num_statements": 18, "percent_covered": 0.0, "percent_covered_display": "0", "missing_lines": 18, "excluded_lines": 0, "percent_statements_covered": 0.0, "percent_statements_covered_display": "0"}, "missing_lines": [154, 155, 156, 157, 163, 164, 165, 166, 172, 173, 174, 175, 176, 177, 178, 179, 180, 181], "excluded_lines": [], "start_line": 152}, "get_system_logs": {"executed_lines": [], "summary": {"covered_lines": 0, "num_statements": 13, "percent_covered": 0.0, "percent_covered_display": "0", "missing_lines": 13, "excluded_lines": 0, "percent_statements_covered": 0.0, "percent_statements_covered_display": "0"}, "missing_lines": [187, 188, 189, 190, 191, 192, 193, 194, 195, 196, 197, 198, 199], "excluded_lines": [], "start_line": 185}, "": {"executed_lines": [9, 10, 11, 12, 14, 16, 17, 19, 22, 33, 34, 50, 51, 59, 60, 96, 97, 102, 103, 114, 115, 130, 131, 151, 152, 184, 185], "summary": {"covered_lines": 27, "num_statements": 27, "percent_covered": 100.0, "percent_covered_display": "100", "missing_lines": 0, "excluded_lines": 0, "percent_statements_covered": 100.0, "percent_statements_covered_display": "100"}, "missing_lines": [], "excluded_lines": [], "start_line": 1}}, "classes": {"": {"executed_lines": [9, 10, 11, 12, 14, 16, 17, 19, 22, 33, 34, 50, 51, 59, 60, 96, 97, 102, 103, 114, 115, 130, 131, 151, 152, 184, 185], "summary": {"covered_lines": 27, "num_statements": 94, "percent_covered": 28.72340425531915, "percent_covered_display": "29", "missing_lines": 67, "excluded_lines": 0, "percent_statements_covered": 28.72340425531915, "percent_statements_covered_display": "29"}, "missing_lines": [23, 25, 38, 39, 55, 56, 69, 77, 99, 105, 106, 117, 118, 119, 120, 121, 122, 124, 125, 126, 127, 133, 134, 135, 136, 137, 138, 139, 140, 141, 142, 143, 145, 146, 147, 148, 154, 155, 156, 157, 163, 164, 165, 166, 172, 173, 174, 175, 176, 177, 178, 179, 180, 181, 187, 188, 189, 190, 191, 192, 193, 194, 195, 196, 197, 198, 199], "excluded_lines": [], "start_line": 1}}}, "src/api/routers/mlops_api.py": {"executed_lines": [6, 7, 8, 9, 10, 11, 13, 15, 16, 23, 24, 37, 38, 50, 51, 68, 69, 82, 83, 100, 101, 113, 114, 131, 132, 145, 146, 171, 172, 184, 185, 198, 199, 216, 217, 239, 240, 257, 258, 275, 276, 288, 289, 306, 307, 324, 325, 339, 340, 358, 370, 380, 381], "summary": {"covered_lines": 53, "num_statements": 322, "percent_covered": 16.459627329192546, "percent_covered_display": "16", "missing_lines": 269, "excluded_lines": 0, "percent_statements_covered": 16.459627329192546, "percent_statements_covered_display": "16"}, "missing_lines": [26, 27, 29, 30, 31, 32, 33, 34, 40, 41, 43, 44, 45, 46, 47, 53, 54, 56, 57, 58, 59, 60, 71, 72, 74, 75, 76, 77, 78, 79, 85, 86, 88, 89, 90, 91, 92, 103, 104, 106, 107, 108, 109, 110, 116, 117, 119, 120, 121, 122, 123, 124, 125, 126, 127, 128, 134, 135, 137, 138, 139, 140, 141, 142, 148, 149, 151, 152, 153, 154, 159, 160, 161, 162, 163, 174, 175, 177, 178, 179, 180, 181, 187, 188, 190, 191, 192, 193, 194, 195, 201, 202, 204, 205, 206, 207, 208, 209, 210, 211, 212, 213, 219, 220, 222, 225, 226, 227, 230, 231, 232, 233, 234, 235, 236, 242, 243, 245, 246, 247, 248, 249, 250, 251, 252, 253, 254, 260, 261, 263, 264, 265, 266, 267, 278, 279, 281, 282, 283, 284, 285, 291, 292, 294, 295, 296, 297, 298, 299, 300, 301, 302, 303, 313, 314, 316, 317, 318, 319, 320, 321, 327, 328, 330, 331, 332, 333, 334, 335, 336, 342, 343, 345, 346, 347, 348, 349, 383, 385, 386, 387, 390, 391, 393, 394, 395, 396, 397, 398, 399, 400, 402, 403, 404, 406, 407, 421, 423, 424, 425, 426, 427, 428, 429, 430, 431, 432, 433, 434, 435, 436, 437, 439, 440, 441, 443, 444, 445, 446, 447, 448, 449, 451, 452, 454, 455, 456, 459, 462, 463, 464, 466, 467, 468, 469, 470, 473, 474, 475, 477, 478, 479, 482, 483, 485, 544, 546, 580, 581, 582, 583, 584, 585, 586, 587, 588, 590, 591, 601, 602, 603, 604, 605, 615, 617, 619, 638, 639, 640], "excluded_lines": [], "functions": {"business_snapshot": {"executed_lines": [], "summary": {"covered_lines": 0, "num_statements": 8, "percent_covered": 0.0, "percent_covered_display": "0", "missing_lines": 8, "excluded_lines": 0, "percent_statements_covered": 0.0, "percent_statements_covered_display": "0"}, "missing_lines": [26, 27, 29, 30, 31, 32, 33, 34], "excluded_lines": [], "start_line": 24}, "pnl_history": {"executed_lines": [], "summary": {"covered_lines": 0, "num_statements": 7, "percent_covered": 0.0, "percent_covered_display": "0", "missing_lines": 7, "excluded_lines": 0, "percent_statements_covered": 0.0, "percent_statements_covered_display": "0"}, "missing_lines": [40, 41, 43, 44, 45, 46, 47], "excluded_lines": [], "start_line": 38}, "daily_summaries": {"executed_lines": [], "summary": {"covered_lines": 0, "num_statements": 7, "percent_covered": 0.0, "percent_covered_display": "0", "missing_lines": 7, "excluded_lines": 0, "percent_statements_covered": 0.0, "percent_statements_covered_display": "0"}, "missing_lines": [53, 54, 56, 57, 58, 59, 60], "excluded_lines": [], "start_line": 51}, "sla_report": {"executed_lines": [], "summary": {"covered_lines": 0, "num_statements": 8, "percent_covered": 0.0, "percent_covered_display": "0", "missing_lines": 8, "excluded_lines": 0, "percent_statements_covered": 0.0, "percent_statements_covered_display": "0"}, "missing_lines": [71, 72, 74, 75, 76, 77, 78, 79], "excluded_lines": [], "start_line": 69}, "sla_uptime_history": {"executed_lines": [], "summary": {"covered_lines": 0, "num_statements": 7, "percent_covered": 0.0, "percent_covered_display": "0", "missing_lines": 7, "excluded_lines": 0, "percent_statements_covered": 0.0, "percent_statements_covered_display": "0"}, "missing_lines": [85, 86, 88, 89, 90, 91, 92], "excluded_lines": [], "start_line": 83}, "list_feature_sets": {"executed_lines": [], "summary": {"covered_lines": 0, "num_statements": 7, "percent_covered": 0.0, "percent_covered_display": "0", "missing_lines": 7, "excluded_lines": 0, "percent_statements_covered": 0.0, "percent_statements_covered_display": "0"}, "missing_lines": [103, 104, 106, 107, 108, 109, 110], "excluded_lines": [], "start_line": 101}, "get_feature_set_info": {"executed_lines": [], "summary": {"covered_lines": 0, "num_statements": 12, "percent_covered": 0.0, "percent_covered_display": "0", "missing_lines": 12, "excluded_lines": 0, "percent_statements_covered": 0.0, "percent_statements_covered_display": "0"}, "missing_lines": [116, 117, 119, 120, 121, 122, 123, 124, 125, 126, 127, 128], "excluded_lines": [], "start_line": 114}, "get_feature_lineage": {"executed_lines": [], "summary": {"covered_lines": 0, "num_statements": 8, "percent_covered": 0.0, "percent_covered_display": "0", "missing_lines": 8, "excluded_lines": 0, "percent_statements_covered": 0.0, "percent_statements_covered_display": "0"}, "missing_lines": [134, 135, 137, 138, 139, 140, 141, 142], "excluded_lines": [], "start_line": 132}, "preview_feature_set": {"executed_lines": [], "summary": {"covered_lines": 0, "num_statements": 11, "percent_covered": 0.0, "percent_covered_display": "0", "missing_lines": 11, "excluded_lines": 0, "percent_statements_covered": 0.0, "percent_statements_covered_display": "0"}, "missing_lines": [148, 149, 151, 152, 153, 154, 159, 160, 161, 162, 163], "excluded_lines": [], "start_line": 146}, "list_registered_models": {"executed_lines": [], "summary": {"covered_lines": 0, "num_statements": 7, "percent_covered": 0.0, "percent_covered_display": "0", "missing_lines": 7, "excluded_lines": 0, "percent_statements_covered": 0.0, "percent_statements_covered_display": "0"}, "missing_lines": [174, 175, 177, 178, 179, 180, 181], "excluded_lines": [], "start_line": 172}, "list_model_versions": {"executed_lines": [], "summary": {"covered_lines": 0, "num_statements": 8, "percent_covered": 0.0, "percent_covered_display": "0", "missing_lines": 8, "excluded_lines": 0, "percent_statements_covered": 0.0, "percent_statements_covered_display": "0"}, "missing_lines": [187, 188, 190, 191, 192, 193, 194, 195], "excluded_lines": [], "start_line": 185}, "get_production_model": {"executed_lines": [], "summary": {"covered_lines": 0, "num_statements": 12, "percent_covered": 0.0, "percent_covered_display": "0", "missing_lines": 12, "excluded_lines": 0, "percent_statements_covered": 0.0, "percent_statements_covered_display": "0"}, "missing_lines": [201, 202, 204, 205, 206, 207, 208, 209, 210, 211, 212, 213], "excluded_lines": [], "start_line": 199}, "promote_model": {"executed_lines": [], "summary": {"covered_lines": 0, "num_statements": 13, "percent_covered": 0.0, "percent_covered_display": "0", "missing_lines": 13, "excluded_lines": 0, "percent_statements_covered": 0.0, "percent_statements_covered_display": "0"}, "missing_lines": [219, 220, 222, 225, 226, 227, 230, 231, 232, 233, 234, 235, 236], "excluded_lines": [], "start_line": 217}, "rollback_model": {"executed_lines": [], "summary": {"covered_lines": 0, "num_statements": 12, "percent_covered": 0.0, "percent_covered_display": "0", "missing_lines": 12, "excluded_lines": 0, "percent_statements_covered": 0.0, "percent_statements_covered_display": "0"}, "missing_lines": [242, 243, 245, 246, 247, 248, 249, 250, 251, 252, 253, 254], "excluded_lines": [], "start_line": 240}, "model_transition_history": {"executed_lines": [], "summary": {"covered_lines": 0, "num_statements": 7, "percent_covered": 0.0, "percent_covered_display": "0", "missing_lines": 7, "excluded_lines": 0, "percent_statements_covered": 0.0, "percent_statements_covered_display": "0"}, "missing_lines": [260, 261, 263, 264, 265, 266, 267], "excluded_lines": [], "start_line": 258}, "list_canary_deployments": {"executed_lines": [], "summary": {"covered_lines": 0, "num_statements": 7, "percent_covered": 0.0, "percent_covered_display": "0", "missing_lines": 7, "excluded_lines": 0, "percent_statements_covered": 0.0, "percent_statements_covered_display": "0"}, "missing_lines": [278, 279, 281, 282, 283, 284, 285], "excluded_lines": [], "start_line": 276}, "canary_status": {"executed_lines": [], "summary": {"covered_lines": 0, "num_statements": 12, "percent_covered": 0.0, "percent_covered_display": "0", "missing_lines": 12, "excluded_lines": 0, "percent_statements_covered": 0.0, "percent_statements_covered_display": "0"}, "missing_lines": [291, 292, 294, 295, 296, 297, 298, 299, 300, 301, 302, 303], "excluded_lines": [], "start_line": 289}, "start_canary": {"executed_lines": [], "summary": {"covered_lines": 0, "num_statements": 8, "percent_covered": 0.0, "percent_covered_display": "0", "missing_lines": 8, "excluded_lines": 0, "percent_statements_covered": 0.0, "percent_statements_covered_display": "0"}, "missing_lines": [313, 314, 316, 317, 318, 319, 320, 321], "excluded_lines": [], "start_line": 307}, "evaluate_canary": {"executed_lines": [], "summary": {"covered_lines": 0, "num_statements": 9, "percent_covered": 0.0, "percent_covered_display": "0", "missing_lines": 9, "excluded_lines": 0, "percent_statements_covered": 0.0, "percent_statements_covered_display": "0"}, "missing_lines": [327, 328, 330, 331, 332, 333, 334, 335, 336], "excluded_lines": [], "start_line": 325}, "canary_rollback_history": {"executed_lines": [], "summary": {"covered_lines": 0, "num_statements": 7, "percent_covered": 0.0, "percent_covered_display": "0", "missing_lines": 7, "excluded_lines": 0, "percent_statements_covered": 0.0, "percent_statements_covered_display": "0"}, "missing_lines": [342, 343, 345, 346, 347, 348, 349], "excluded_lines": [], "start_line": 340}, "cost_analysis": {"executed_lines": [], "summary": {"covered_lines": 0, "num_statements": 92, "percent_covered": 0.0, "percent_covered_display": "0", "missing_lines": 92, "excluded_lines": 0, "percent_statements_covered": 0.0, "percent_statements_covered_display": "0"}, "missing_lines": [383, 385, 386, 387, 390, 391, 393, 394, 395, 396, 397, 398, 399, 400, 402, 403, 404, 406, 407, 421, 423, 424, 425, 426, 427, 428, 429, 430, 431, 432, 433, 434, 435, 436, 437, 439, 440, 441, 443, 444, 445, 446, 447, 448, 449, 451, 452, 454, 455, 456, 459, 462, 463, 464, 466, 467, 468, 469, 470, 473, 474, 475, 477, 478, 479, 482, 483, 485, 544, 546, 580, 581, 582, 583, 584, 585, 586, 587, 588, 590, 591, 601, 602, 603, 604, 605, 615, 617, 619, 638, 639, 640], "excluded_lines": [], "start_line": 381}, "": {"executed_lines": [6, 7, 8, 9, 10, 11, 13, 15, 16, 23, 24, 37, 38, 50, 51, 68, 69, 82, 83, 100, 101, 113, 114, 131, 132, 145, 146, 171, 172, 184, 185, 198, 199, 216, 217, 239, 240, 257, 258, 275, 276, 288, 289, 306, 307, 324, 325, 339, 340, 358, 370, 380, 381], "summary": {"covered_lines": 53, "num_statements": 53, "percent_covered": 100.0, "percent_covered_display": "100", "missing_lines": 0, "excluded_lines": 0, "percent_statements_covered": 100.0, "percent_statements_covered_display": "100"}, "missing_lines": [], "excluded_lines": [], "start_line": 1}}, "classes": {"": {"executed_lines": [6, 7, 8, 9, 10, 11, 13, 15, 16, 23, 24, 37, 38, 50, 51, 68, 69, 82, 83, 100, 101, 113, 114, 131, 132, 145, 146, 171, 172, 184, 185, 198, 199, 216, 217, 239, 240, 257, 258, 275, 276, 288, 289, 306, 307, 324, 325, 339, 340, 358, 370, 380, 381], "summary": {"covered_lines": 53, "num_statements": 322, "percent_covered": 16.459627329192546, "percent_covered_display": "16", "missing_lines": 269, "excluded_lines": 0, "percent_statements_covered": 16.459627329192546, "percent_statements_covered_display": "16"}, "missing_lines": [26, 27, 29, 30, 31, 32, 33, 34, 40, 41, 43, 44, 45, 46, 47, 53, 54, 56, 57, 58, 59, 60, 71, 72, 74, 75, 76, 77, 78, 79, 85, 86, 88, 89, 90, 91, 92, 103, 104, 106, 107, 108, 109, 110, 116, 117, 119, 120, 121, 122, 123, 124, 125, 126, 127, 128, 134, 135, 137, 138, 139, 140, 141, 142, 148, 149, 151, 152, 153, 154, 159, 160, 161, 162, 163, 174, 175, 177, 178, 179, 180, 181, 187, 188, 190, 191, 192, 193, 194, 195, 201, 202, 204, 205, 206, 207, 208, 209, 210, 211, 212, 213, 219, 220, 222, 225, 226, 227, 230, 231, 232, 233, 234, 235, 236, 242, 243, 245, 246, 247, 248, 249, 250, 251, 252, 253, 254, 260, 261, 263, 264, 265, 266, 267, 278, 279, 281, 282, 283, 284, 285, 291, 292, 294, 295, 296, 297, 298, 299, 300, 301, 302, 303, 313, 314, 316, 317, 318, 319, 320, 321, 327, 328, 330, 331, 332, 333, 334, 335, 336, 342, 343, 345, 346, 347, 348, 349, 383, 385, 386, 387, 390, 391, 393, 394, 395, 396, 397, 398, 399, 400, 402, 403, 404, 406, 407, 421, 423, 424, 425, 426, 427, 428, 429, 430, 431, 432, 433, 434, 435, 436, 437, 439, 440, 441, 443, 444, 445, 446, 447, 448, 449, 451, 452, 454, 455, 456, 459, 462, 463, 464, 466, 467, 468, 469, 470, 473, 474, 475, 477, 478, 479, 482, 483, 485, 544, 546, 580, 581, 582, 583, 584, 585, 586, 587, 588, 590, 591, 601, 602, 603, 604, 605, 615, 617, 619, 638, 639, 640], "excluded_lines": [], "start_line": 1}}}, "src/api/routers/model_info.py": {"executed_lines": [7, 8, 10, 11, 13, 14, 16, 19, 33, 68, 70, 71, 72, 73, 74, 79, 80, 83, 84, 86, 87, 88, 90, 91, 92, 94, 97, 98, 99, 100, 102, 105, 108, 109, 110, 111, 112, 113, 118, 119, 120, 122, 123, 125, 128, 129, 130, 131, 133, 146, 147, 149, 151, 152, 153, 156, 157, 159, 160, 161, 172, 173, 176, 177, 178, 179, 180, 182, 184, 189, 191, 194, 195, 197, 198, 200, 201, 202, 204, 205, 249, 252, 253, 255, 256, 257, 260, 261, 262, 265, 266, 268, 271, 272, 274], "summary": {"covered_lines": 95, "num_statements": 161, "percent_covered": 59.006211180124225, "percent_covered_display": "59", "missing_lines": 66, "excluded_lines": 0, "percent_statements_covered": 59.006211180124225, "percent_statements_covered_display": "59"}, "missing_lines": [21, 27, 28, 29, 30, 35, 36, 37, 38, 39, 41, 46, 47, 48, 49, 50, 51, 62, 63, 64, 65, 115, 121, 162, 163, 164, 166, 167, 168, 170, 183, 186, 206, 207, 211, 212, 214, 215, 216, 217, 219, 220, 223, 224, 225, 226, 228, 229, 230, 231, 232, 234, 235, 236, 237, 238, 239, 241, 242, 243, 244, 245, 246, 247, 269, 270], "excluded_lines": [], "functions": {"_find_checkpoint": {"executed_lines": [], "summary": {"covered_lines": 0, "num_statements": 5, "percent_covered": 0.0, "percent_covered_display": "0", "missing_lines": 5, "excluded_lines": 0, "percent_statements_covered": 0.0, "percent_statements_covered_display": "0"}, "missing_lines": [21, 27, 28, 29, 30], "excluded_lines": [], "start_line": 19}, "_load_checkpoint": {"executed_lines": [], "summary": {"covered_lines": 0, "num_statements": 16, "percent_covered": 0.0, "percent_covered_display": "0", "missing_lines": 16, "excluded_lines": 0, "percent_statements_covered": 0.0, "percent_statements_covered_display": "0"}, "missing_lines": [35, 36, 37, 38, 39, 41, 46, 47, 48, 49, 50, 51, 62, 63, 64, 65], "excluded_lines": [], "start_line": 33}, "_count_parameters": {"executed_lines": [70, 71, 72, 73, 74, 79, 80], "summary": {"covered_lines": 7, "num_statements": 7, "percent_covered": 100.0, "percent_covered_display": "100", "missing_lines": 0, "excluded_lines": 0, "percent_statements_covered": 100.0, "percent_statements_covered_display": "100"}, "missing_lines": [], "excluded_lines": [], "start_line": 68}, "get_model_info": {"executed_lines": [86, 87, 88, 90, 91, 92, 94, 97, 98, 99, 100, 102, 105, 108, 109, 110, 111, 112, 113, 118, 119, 120, 122, 123, 125, 128, 129, 130, 131, 133], "summary": {"covered_lines": 30, "num_statements": 32, "percent_covered": 93.75, "percent_covered_display": "94", "missing_lines": 2, "excluded_lines": 0, "percent_statements_covered": 93.75, "percent_statements_covered_display": "94"}, "missing_lines": [115, 121], "excluded_lines": [], "start_line": 84}, "get_training_history": {"executed_lines": [149, 151, 152, 153, 156, 157, 159, 160, 161, 172, 173, 176, 177, 178, 179, 180, 182, 184, 189, 191, 194, 195, 197, 198, 200, 201, 202, 204, 205, 249], "summary": {"covered_lines": 30, "num_statements": 71, "percent_covered": 42.25352112676056, "percent_covered_display": "42", "missing_lines": 41, "excluded_lines": 0, "percent_statements_covered": 42.25352112676056, "percent_statements_covered_display": "42"}, "missing_lines": [162, 163, 164, 166, 167, 168, 170, 183, 186, 206, 207, 211, 212, 214, 215, 216, 217, 219, 220, 223, 224, 225, 226, 228, 229, 230, 231, 232, 234, 235, 236, 237, 238, 239, 241, 242, 243, 244, 245, 246, 247], "excluded_lines": [], "start_line": 147}, "get_hpo_results": {"executed_lines": [255, 256, 257, 260, 261, 262, 265, 266, 268, 271, 272, 274], "summary": {"covered_lines": 12, "num_statements": 14, "percent_covered": 85.71428571428571, "percent_covered_display": "86", "missing_lines": 2, "excluded_lines": 0, "percent_statements_covered": 85.71428571428571, "percent_statements_covered_display": "86"}, "missing_lines": [269, 270], "excluded_lines": [], "start_line": 253}, "": {"executed_lines": [7, 8, 10, 11, 13, 14, 16, 19, 33, 68, 83, 84, 146, 147, 252, 253], "summary": {"covered_lines": 16, "num_statements": 16, "percent_covered": 100.0, "percent_covered_display": "100", "missing_lines": 0, "excluded_lines": 0, "percent_statements_covered": 100.0, "percent_statements_covered_display": "100"}, "missing_lines": [], "excluded_lines": [], "start_line": 1}}, "classes": {"": {"executed_lines": [7, 8, 10, 11, 13, 14, 16, 19, 33, 68, 70, 71, 72, 73, 74, 79, 80, 83, 84, 86, 87, 88, 90, 91, 92, 94, 97, 98, 99, 100, 102, 105, 108, 109, 110, 111, 112, 113, 118, 119, 120, 122, 123, 125, 128, 129, 130, 131, 133, 146, 147, 149, 151, 152, 153, 156, 157, 159, 160, 161, 172, 173, 176, 177, 178, 179, 180, 182, 184, 189, 191, 194, 195, 197, 198, 200, 201, 202, 204, 205, 249, 252, 253, 255, 256, 257, 260, 261, 262, 265, 266, 268, 271, 272, 274], "summary": {"covered_lines": 95, "num_statements": 161, "percent_covered": 59.006211180124225, "percent_covered_display": "59", "missing_lines": 66, "excluded_lines": 0, "percent_statements_covered": 59.006211180124225, "percent_statements_covered_display": "59"}, "missing_lines": [21, 27, 28, 29, 30, 35, 36, 37, 38, 39, 41, 46, 47, 48, 49, 50, 51, 62, 63, 64, 65, 115, 121, 162, 163, 164, 166, 167, 168, 170, 183, 186, 206, 207, 211, 212, 214, 215, 216, 217, 219, 220, 223, 224, 225, 226, 228, 229, 230, 231, 232, 234, 235, 236, 237, 238, 239, 241, 242, 243, 244, 245, 246, 247, 269, 270], "excluded_lines": [], "start_line": 1}}}, "src/api/routers/monitoring_api.py": {"executed_lines": [7, 8, 9, 11, 12, 14, 15, 17, 20, 22, 23, 24, 25, 26, 27, 28, 30, 31, 33, 34, 35, 38, 39, 40, 41, 42, 45, 52, 54, 55, 56, 57, 58, 64, 65, 67, 68, 70, 71, 72, 74, 75, 76, 78, 79, 81, 82, 88, 89, 224, 225, 366, 367, 369, 370, 371, 373, 374, 375, 376, 382, 383, 385, 386, 388, 389, 390, 393, 394, 395, 397, 400, 402, 403, 405, 406, 407], "summary": {"covered_lines": 77, "num_statements": 247, "percent_covered": 31.17408906882591, "percent_covered_display": "31", "missing_lines": 170, "excluded_lines": 0, "percent_statements_covered": 31.17408906882591, "percent_statements_covered_display": "31"}, "missing_lines": [29, 32, 36, 59, 60, 61, 73, 83, 84, 85, 101, 102, 103, 104, 110, 117, 118, 119, 120, 121, 123, 124, 126, 127, 129, 130, 131, 133, 134, 135, 136, 138, 139, 142, 143, 145, 146, 147, 150, 151, 152, 153, 154, 156, 158, 159, 162, 163, 166, 167, 169, 170, 172, 173, 174, 176, 177, 178, 179, 180, 181, 182, 183, 184, 185, 186, 187, 188, 189, 190, 191, 192, 193, 194, 195, 201, 202, 203, 206, 207, 213, 214, 215, 217, 218, 219, 220, 221, 231, 233, 235, 236, 239, 240, 241, 242, 243, 244, 245, 246, 247, 248, 249, 250, 251, 253, 254, 255, 256, 257, 258, 259, 260, 261, 262, 263, 265, 266, 267, 270, 271, 272, 273, 274, 275, 276, 277, 278, 279, 282, 283, 284, 285, 286, 287, 288, 289, 291, 307, 308, 309, 311, 312, 313, 314, 317, 318, 320, 323, 324, 325, 326, 328, 329, 330, 332, 333, 335, 342, 356, 357, 358, 361, 363, 377, 378, 379, 396, 398, 404], "excluded_lines": [], "functions": {"_deep_serialize": {"executed_lines": [22, 23, 24, 25, 26, 27, 28, 30, 31, 33, 34, 35, 38, 39, 40, 41, 42], "summary": {"covered_lines": 17, "num_statements": 20, "percent_covered": 85.0, "percent_covered_display": "85", "missing_lines": 3, "excluded_lines": 0, "percent_statements_covered": 85.0, "percent_statements_covered_display": "85"}, "missing_lines": [29, 32, 36], "excluded_lines": [], "start_line": 20}, "_get_training_cutoff_date": {"executed_lines": [52, 54, 55, 56, 57, 58], "summary": {"covered_lines": 6, "num_statements": 9, "percent_covered": 66.66666666666667, "percent_covered_display": "67", "missing_lines": 3, "excluded_lines": 0, "percent_statements_covered": 66.66666666666667, "percent_statements_covered_display": "67"}, "missing_lines": [59, 60, 61], "excluded_lines": [], "start_line": 45}, "run_drift_detection": {"executed_lines": [67, 68, 70, 71, 72, 74, 75, 76, 78, 79, 81, 82], "summary": {"covered_lines": 12, "num_statements": 16, "percent_covered": 75.0, "percent_covered_display": "75", "missing_lines": 4, "excluded_lines": 0, "percent_statements_covered": 75.0, "percent_statements_covered_display": "75"}, "missing_lines": [73, 83, 84, 85], "excluded_lines": [], "start_line": 65}, "run_all_triggers": {"executed_lines": [], "summary": {"covered_lines": 0, "num_statements": 78, "percent_covered": 0.0, "percent_covered_display": "0", "missing_lines": 78, "excluded_lines": 0, "percent_statements_covered": 0.0, "percent_statements_covered_display": "0"}, "missing_lines": [101, 102, 103, 104, 110, 117, 118, 119, 120, 121, 123, 124, 126, 127, 129, 130, 131, 133, 134, 135, 136, 138, 139, 142, 143, 145, 146, 147, 150, 151, 152, 153, 154, 156, 158, 159, 162, 163, 166, 167, 169, 170, 172, 173, 174, 176, 177, 178, 179, 180, 181, 182, 183, 184, 185, 186, 187, 188, 189, 190, 191, 192, 193, 194, 195, 201, 202, 203, 206, 207, 213, 214, 215, 217, 218, 219, 220, 221], "excluded_lines": [], "start_line": 89}, "get_runs_history": {"executed_lines": [], "summary": {"covered_lines": 0, "num_statements": 76, "percent_covered": 0.0, "percent_covered_display": "0", "missing_lines": 76, "excluded_lines": 0, "percent_statements_covered": 0.0, "percent_statements_covered_display": "0"}, "missing_lines": [231, 233, 235, 236, 239, 240, 241, 242, 243, 244, 245, 246, 247, 248, 249, 250, 251, 253, 254, 255, 256, 257, 258, 259, 260, 261, 262, 263, 265, 266, 267, 270, 271, 272, 273, 274, 275, 276, 277, 278, 279, 282, 283, 284, 285, 286, 287, 288, 289, 291, 307, 308, 309, 311, 312, 313, 314, 317, 318, 320, 323, 324, 325, 326, 328, 329, 330, 332, 333, 335, 342, 356, 357, 358, 361, 363], "excluded_lines": [], "start_line": 225}, "get_champion_challenger": {"executed_lines": [369, 370, 371, 373, 374, 375, 376], "summary": {"covered_lines": 7, "num_statements": 10, "percent_covered": 70.0, "percent_covered_display": "70", "missing_lines": 3, "excluded_lines": 0, "percent_statements_covered": 70.0, "percent_statements_covered_display": "70"}, "missing_lines": [377, 378, 379], "excluded_lines": [], "start_line": 367}, "run_champion_challenger": {"executed_lines": [385, 386, 388, 389, 390, 393, 394, 395, 397, 400, 402, 403, 405, 406, 407], "summary": {"covered_lines": 15, "num_statements": 18, "percent_covered": 83.33333333333333, "percent_covered_display": "83", "missing_lines": 3, "excluded_lines": 0, "percent_statements_covered": 83.33333333333333, "percent_statements_covered_display": "83"}, "missing_lines": [396, 398, 404], "excluded_lines": [], "start_line": 383}, "": {"executed_lines": [7, 8, 9, 11, 12, 14, 15, 17, 20, 45, 64, 65, 88, 89, 224, 225, 366, 367, 382, 383], "summary": {"covered_lines": 20, "num_statements": 20, "percent_covered": 100.0, "percent_covered_display": "100", "missing_lines": 0, "excluded_lines": 0, "percent_statements_covered": 100.0, "percent_statements_covered_display": "100"}, "missing_lines": [], "excluded_lines": [], "start_line": 1}}, "classes": {"": {"executed_lines": [7, 8, 9, 11, 12, 14, 15, 17, 20, 22, 23, 24, 25, 26, 27, 28, 30, 31, 33, 34, 35, 38, 39, 40, 41, 42, 45, 52, 54, 55, 56, 57, 58, 64, 65, 67, 68, 70, 71, 72, 74, 75, 76, 78, 79, 81, 82, 88, 89, 224, 225, 366, 367, 369, 370, 371, 373, 374, 375, 376, 382, 383, 385, 386, 388, 389, 390, 393, 394, 395, 397, 400, 402, 403, 405, 406, 407], "summary": {"covered_lines": 77, "num_statements": 247, "percent_covered": 31.17408906882591, "percent_covered_display": "31", "missing_lines": 170, "excluded_lines": 0, "percent_statements_covered": 31.17408906882591, "percent_statements_covered_display": "31"}, "missing_lines": [29, 32, 36, 59, 60, 61, 73, 83, 84, 85, 101, 102, 103, 104, 110, 117, 118, 119, 120, 121, 123, 124, 126, 127, 129, 130, 131, 133, 134, 135, 136, 138, 139, 142, 143, 145, 146, 147, 150, 151, 152, 153, 154, 156, 158, 159, 162, 163, 166, 167, 169, 170, 172, 173, 174, 176, 177, 178, 179, 180, 181, 182, 183, 184, 185, 186, 187, 188, 189, 190, 191, 192, 193, 194, 195, 201, 202, 203, 206, 207, 213, 214, 215, 217, 218, 219, 220, 221, 231, 233, 235, 236, 239, 240, 241, 242, 243, 244, 245, 246, 247, 248, 249, 250, 251, 253, 254, 255, 256, 257, 258, 259, 260, 261, 262, 263, 265, 266, 267, 270, 271, 272, 273, 274, 275, 276, 277, 278, 279, 282, 283, 284, 285, 286, 287, 288, 289, 291, 307, 308, 309, 311, 312, 313, 314, 317, 318, 320, 323, 324, 325, 326, 328, 329, 330, 332, 333, 335, 342, 356, 357, 358, 361, 363, 377, 378, 379, 396, 398, 404], "excluded_lines": [], "start_line": 1}}}, "src/api/routers/predict.py": {"executed_lines": [5, 6, 7, 9, 10, 11, 12, 14, 15, 22, 23, 25, 28, 30, 31, 33, 34, 35, 36, 38, 41, 52, 53, 55, 57, 58, 59, 61, 62, 63, 64, 66, 67, 70, 71, 73, 75, 76, 78, 79, 81, 84, 85, 86, 93, 94, 99, 100, 102, 105, 106, 109, 110, 113, 114, 115, 116, 117, 119, 120, 123, 124, 132, 133, 134, 138, 139, 141
[...]
7692308, "percent_covered_display": "73", "missing_lines": 28, "excluded_lines": 0, "percent_statements_covered": 73.07692307692308, "percent_statements_covered_display": "73"}, "missing_lines": [63, 67, 70, 71, 73, 74, 75, 76, 77, 105, 106, 107, 108, 109, 110, 111, 112, 113, 114, 116, 117, 118, 119, 120, 140, 243, 244, 251], "excluded_lines": [], "functions": {"DatabaseManager.__init__": {"executed_lines": [24], "summary": {"covered_lines": 1, "num_statements": 1, "percent_covered": 100.0, "percent_covered_display": "100", "missing_lines": 0, "excluded_lines": 0, "percent_statements_covered": 100.0, "percent_statements_covered_display": "100"}, "missing_lines": [], "excluded_lines": [], "start_line": 14}, "DatabaseManager._execute": {"executed_lines": [40, 41, 42, 43, 44, 45, 47, 48, 49, 51, 52, 57, 60, 62, 64, 65, 66, 68, 69], "summary": {"covered_lines": 19, "num_statements": 28, "percent_covered": 67.85714285714286, "percent_covered_display": "68", "missing_lines": 9, "excluded_lines": 0, "percent_statements_covered": 67.85714285714286, "percent_statements_covered_display": "68"}, "missing_lines": [63, 67, 70, 71, 73, 74, 75, 76, 77], "excluded_lines": [], "start_line": 26}, "DatabaseManager._execute.CursorResult.__init__": {"executed_lines": [53, 54, 55], "summary": {"covered_lines": 3, "num_statements": 3, "percent_covered": 100.0, "percent_covered_display": "100", "missing_lines": 0, "excluded_lines": 0, "percent_statements_covered": 100.0, "percent_statements_covered_display": "100"}, "missing_lines": [], "excluded_lines": [], "start_line": 52}, "DatabaseManager._execute.CursorResult.fetchall": {"executed_lines": [58], "summary": {"covered_lines": 1, "num_statements": 1, "percent_covered": 100.0, "percent_covered_display": "100", "missing_lines": 0, "excluded_lines": 0, "percent_statements_covered": 100.0, "percent_statements_covered_display": "100"}, "missing_lines": [], "excluded_lines": [], "start_line": 57}, "DatabaseManager.insert_many": {"executed_lines": [93, 94, 96, 97, 99, 100, 101, 102, 103, 104], "summary": {"covered_lines": 10, "num_statements": 25, "percent_covered": 40.0, "percent_covered_display": "40", "missing_lines": 15, "excluded_lines": 0, "percent_statements_covered": 40.0, "percent_statements_covered_display": "40"}, "missing_lines": [105, 106, 107, 108, 109, 110, 111, 112, 113, 114, 116, 117, 118, 119, 120], "excluded_lines": [], "start_line": 79}, "DatabaseManager.insert": {"executed_lines": [133, 134, 136, 137, 139, 142], "summary": {"covered_lines": 6, "num_statements": 7, "percent_covered": 85.71428571428571, "percent_covered_display": "86", "missing_lines": 1, "excluded_lines": 0, "percent_statements_covered": 85.71428571428571, "percent_statements_covered_display": "86"}, "missing_lines": [140], "excluded_lines": [], "start_line": 122}, "DatabaseManager.select": {"executed_lines": [158, 159, 161, 162], "summary": {"covered_lines": 4, "num_statements": 4, "percent_covered": 100.0, "percent_covered_display": "100", "missing_lines": 0, "excluded_lines": 0, "percent_statements_covered": 100.0, "percent_statements_covered_display": "100"}, "missing_lines": [], "excluded_lines": [], "start_line": 144}, "DatabaseManager.update": {"executed_lines": [178, 179, 181, 182], "summary": {"covered_lines": 4, "num_statements": 4, "percent_covered": 100.0, "percent_covered_display": "100", "missing_lines": 0, "excluded_lines": 0, "percent_statements_covered": 100.0, "percent_statements_covered_display": "100"}, "missing_lines": [], "excluded_lines": [], "start_line": 164}, "DatabaseManager.delete": {"executed_lines": [198, 199, 201, 202], "summary": {"covered_lines": 4, "num_statements": 4, "percent_covered": 100.0, "percent_covered_display": "100", "missing_lines": 0, "excluded_lines": 0, "percent_statements_covered": 100.0, "percent_statements_covered_display": "100"}, "missing_lines": [], "excluded_lines": [], "start_line": 184}, "DatabaseManager.table_exists": {"executed_lines": [217, 218, 220, 221, 223, 224, 225], "summary": {"covered_lines": 7, "num_statements": 7, "percent_covered": 100.0, "percent_covered_display": "100", "missing_lines": 0, "excluded_lines": 0, "percent_statements_covered": 100.0, "percent_statements_covered_display": "100"}, "missing_lines": [], "excluded_lines": [], "start_line": 204}, "DatabaseManager.get_table_info": {"executed_lines": [240, 241], "summary": {"covered_lines": 2, "num_statements": 4, "percent_covered": 50.0, "percent_covered_display": "50", "missing_lines": 2, "excluded_lines": 0, "percent_statements_covered": 50.0, "percent_statements_covered_display": "50"}, "missing_lines": [243, 244], "excluded_lines": [], "start_line": 227}, "DatabaseManager.close": {"executed_lines": [], "summary": {"covered_lines": 0, "num_statements": 1, "percent_covered": 0.0, "percent_covered_display": "0", "missing_lines": 1, "excluded_lines": 0, "percent_statements_covered": 0.0, "percent_statements_covered_display": "0"}, "missing_lines": [251], "excluded_lines": [], "start_line": 246}, "": {"executed_lines": [1, 2, 5, 8, 11, 14, 26, 79, 122, 144, 164, 184, 204, 227, 246], "summary": {"covered_lines": 15, "num_statements": 15, "percent_covered": 100.0, "percent_covered_display": "100", "missing_lines": 0, "excluded_lines": 0, "percent_statements_covered": 100.0, "percent_statements_covered_display": "100"}, "missing_lines": [], "excluded_lines": [], "start_line": 1}}, "classes": {"DatabaseError": {"executed_lines": [], "summary": {"covered_lines": 0, "num_statements": 0, "percent_covered": 100.0, "percent_covered_display": "100", "missing_lines": 0, "excluded_lines": 0, "percent_statements_covered": 100.0, "percent_statements_covered_display": "100"}, "missing_lines": [], "excluded_lines": [], "start_line": 5}, "DatabaseManager": {"executed_lines": [24, 40, 41, 42, 43, 44, 45, 47, 48, 49, 51, 52, 57, 60, 62, 64, 65, 66, 68, 69, 93, 94, 96, 97, 99, 100, 101, 102, 103, 104, 133, 134, 136, 137, 139, 142, 158, 159, 161, 162, 178, 179, 181, 182, 198, 199, 201, 202, 217, 218, 220, 221, 223, 224, 225, 240, 241], "summary": {"covered_lines": 57, "num_statements": 85, "percent_covered": 67.05882352941177, "percent_covered_display": "67", "missing_lines": 28, "excluded_lines": 0, "percent_statements_covered": 67.05882352941177, "percent_statements_covered_display": "67"}, "missing_lines": [63, 67, 70, 71, 73, 74, 75, 76, 77, 105, 106, 107, 108, 109, 110, 111, 112, 113, 114, 116, 117, 118, 119, 120, 140, 243, 244, 251], "excluded_lines": [], "start_line": 11}, "DatabaseManager._execute.CursorResult": {"executed_lines": [53, 54, 55, 58], "summary": {"covered_lines": 4, "num_statements": 4, "percent_covered": 100.0, "percent_covered_display": "100", "missing_lines": 0, "excluded_lines": 0, "percent_statements_covered": 100.0, "percent_statements_covered_display": "100"}, "missing_lines": [], "excluded_lines": [], "start_line": 51}, "": {"executed_lines": [1, 2, 5, 8, 11, 14, 26, 79, 122, 144, 164, 184, 204, 227, 246], "summary": {"covered_lines": 15, "num_statements": 15, "percent_covered": 100.0, "percent_covered_display": "100", "missing_lines": 0, "excluded_lines": 0, "percent_statements_covered": 100.0, "percent_statements_covered_display": "100"}, "missing_lines": [], "excluded_lines": [], "start_line": 1}}}, "src/utils/log_database.py": {"executed_lines": [8, 9, 10, 11, 12, 13, 14, 15, 16, 17, 19, 21, 24, 38, 47, 48, 49, 50, 51, 52, 53, 54, 55, 56, 59, 60, 61, 62, 63, 64, 65, 66, 70, 73, 74, 76, 77, 78, 79, 81, 82, 83, 84, 85, 86, 87, 89, 90, 91, 92, 93, 94, 95, 97, 98, 99, 100, 101, 102, 103, 108, 110, 111, 112, 113, 114, 117, 135, 136, 137, 144, 196, 197, 199, 201, 202, 205, 209, 212, 216, 218, 219, 221, 230, 262, 267, 279, 283, 299, 300, 301, 302, 303, 304, 305, 307, 308, 309, 310, 313, 314, 315, 316, 317, 318, 320, 323, 334, 335, 336, 337, 341, 342, 344, 345, 346, 347, 348, 355, 359, 365, 368, 371, 373, 375, 376, 377, 379, 380, 383, 384, 385, 387, 390], "summary": {"covered_lines": 134, "num_statements": 217, "percent_covered": 61.75115207373272, "percent_covered_display": "62", "missing_lines": 83, "excluded_lines": 0, "percent_statements_covered": 61.75115207373272, "percent_statements_covered_display": "62"}, "missing_lines": [104, 105, 106, 127, 128, 129, 153, 154, 156, 157, 158, 159, 160, 161, 162, 163, 164, 165, 166, 167, 168, 170, 171, 178, 179, 180, 182, 232, 234, 235, 248, 251, 252, 253, 254, 255, 256, 257, 258, 260, 263, 264, 265, 269, 270, 271, 272, 273, 274, 275, 311, 319, 321, 338, 339, 343, 349, 351, 353, 356, 357, 360, 361, 372, 392, 394, 395, 396, 397, 454, 455, 456, 457, 458, 459, 460, 461, 462, 465, 466, 468, 470, 471], "excluded_lines": [], "functions": {"LogDatabase.__init__": {"executed_lines": [77, 78, 79], "summary": {"covered_lines": 3, "num_statements": 3, "percent_covered": 100.0, "percent_covered_display": "100", "missing_lines": 0, "excluded_lines": 0, "percent_statements_covered": 100.0, "percent_statements_covered_display": "100"}, "missing_lines": [], "excluded_lines": [], "start_line": 76}, "LogDatabase.get_instance": {"executed_lines": [83, 84, 85, 86, 87], "summary": {"covered_lines": 5, "num_statements": 5, "percent_covered": 100.0, "percent_covered_display": "100", "missing_lines": 0, "excluded_lines": 0, "percent_statements_covered": 100.0, "percent_statements_covered_display": "100"}, "missing_lines": [], "excluded_lines": [], "start_line": 82}, "LogDatabase._get_conn": {"executed_lines": [90, 91, 92, 93, 94, 95], "summary": {"covered_lines": 6, "num_statements": 6, "percent_covered": 100.0, "percent_covered_display": "100", "missing_lines": 0, "excluded_lines": 0, "percent_statements_covered": 100.0, "percent_statements_covered_display": "100"}, "missing_lines": [], "excluded_lines": [], "start_line": 89}, "LogDatabase._cursor": {"executed_lines": [99, 100, 101, 102, 103, 108], "summary": {"covered_lines": 6, "num_statements": 9, "percent_covered": 66.66666666666667, "percent_covered_display": "67", "missing_lines": 3, "excluded_lines": 0, "percent_statements_covered": 66.66666666666667, "percent_statements_covered_display": "67"}, "missing_lines": [104, 105, 106], "excluded_lines": [], "start_line": 98}, "LogDatabase._init_db": {"executed_lines": [111, 112, 113, 114], "summary": {"covered_lines": 4, "num_statements": 4, "percent_covered": 100.0, "percent_covered_display": "100", "missing_lines": 0, "excluded_lines": 0, "percent_statements_covered": 100.0, "percent_statements_covered_display": "100"}, "missing_lines": [], "excluded_lines": [], "start_line": 110}, "LogDatabase.insert": {"executed_lines": [], "summary": {"covered_lines": 0, "num_statements": 3, "percent_covered": 0.0, "percent_covered_display": "0", "missing_lines": 3, "excluded_lines": 0, "percent_statements_covered": 0.0, "percent_statements_covered_display": "0"}, "missing_lines": [127, 128, 129], "excluded_lines": [], "start_line": 117}, "LogDatabase.insert_batch": {"executed_lines": [136, 137], "summary": {"covered_lines": 2, "num_statements": 2, "percent_covered": 100.0, "percent_covered_display": "100", "missing_lines": 0, "excluded_lines": 0, "percent_statements_covered": 100.0, "percent_statements_covered_display": "100"}, "missing_lines": [], "excluded_lines": [], "start_line": 135}, "LogDatabase.query": {"executed_lines": [], "summary": {"covered_lines": 0, "num_statements": 21, "percent_covered": 0.0, "percent_covered_display": "0", "missing_lines": 21, "excluded_lines": 0, "percent_statements_covered": 0.0, "percent_statements_covered_display": "0"}, "missing_lines": [153, 154, 156, 157, 158, 159, 160, 161, 162, 163, 164, 165, 166, 167, 168, 170, 171, 178, 179, 180, 182], "excluded_lines": [], "start_line": 144}, "LogDatabase.get_stats": {"executed_lines": [197, 199, 201, 202, 205, 209, 212, 216, 218, 219, 221], "summary": {"covered_lines": 11, "num_statements": 11, "percent_covered": 100.0, "percent_covered_display": "100", "missing_lines": 0, "excluded_lines": 0, "percent_statements_covered": 100.0, "percent_statements_covered_display": "100"}, "missing_lines": [], "excluded_lines": [], "start_line": 196}, "LogDatabase.get_timeline": {"executed_lines": [], "summary": {"covered_lines": 0, "num_statements": 13, "percent_covered": 0.0, "percent_covered_display": "0", "missing_lines": 13, "excluded_lines": 0, "percent_statements_covered": 0.0, "percent_statements_covered_display": "0"}, "missing_lines": [232, 234, 235, 248, 251, 252, 253, 254, 255, 256, 257, 258, 260], "excluded_lines": [], "start_line": 230}, "LogDatabase.get_sources": {"executed_lines": [], "summary": {"covered_lines": 0, "num_statements": 3, "percent_covered": 0.0, "percent_covered_display": "0", "missing_lines": 3, "excluded_lines": 0, "percent_statements_covered": 0.0, "percent_statements_covered_display": "0"}, "missing_lines": [263, 264, 265], "excluded_lines": [], "start_line": 262}, "LogDatabase.cleanup": {"executed_lines": [], "summary": {"covered_lines": 0, "num_statements": 7, "percent_covered": 0.0, "percent_covered_display": "0", "missing_lines": 7, "excluded_lines": 0, "percent_statements_covered": 0.0, "percent_statements_covered_display": "0"}, "missing_lines": [269, 270, 271, 272, 273, 274, 275], "excluded_lines": [], "start_line": 267}, "SQLiteLogHandler.__init__": {"executed_lines": [300, 301, 302, 303, 304, 305], "summary": {"covered_lines": 6, "num_statements": 6, "percent_covered": 100.0, "percent_covered_display": "100", "missing_lines": 0, "excluded_lines": 0, "percent_statements_covered": 100.0, "percent_statements_covered_display": "100"}, "missing_lines": [], "excluded_lines": [], "start_line": 299}, "SQLiteLogHandler._resolve_source": {"executed_lines": [308, 309, 310], "summary": {"covered_lines": 3, "num_statements": 4, "percent_covered": 75.0, "percent_covered_display": "75", "missing_lines": 1, "excluded_lines": 0, "percent_statements_covered": 75.0, "percent_statements_covered_display": "75"}, "missing_lines": [311], "excluded_lines": [], "start_line": 307}, "SQLiteLogHandler.emit": {"executed_lines": [314, 315, 316, 317, 318, 320, 323, 334, 335, 336, 337], "summary": {"covered_lines": 11, "num_statements": 15, "percent_covered": 73.33333333333333, "percent_covered_display": "73", "missing_lines": 4, "excluded_lines": 0, "percent_statements_covered": 73.33333333333333, "percent_statements_covered_display": "73"}, "missing_lines": [319, 321, 338, 339], "excluded_lines": [], "start_line": 313}, "SQLiteLogHandler._flush": {"executed_lines": [342, 344, 345, 346, 347, 348], "summary": {"covered_lines": 6, "num_statements": 10, "percent_covered": 60.0, "percent_covered_display": "60", "missing_lines": 4, "excluded_lines": 0, "percent_statements_covered": 60.0, "percent_statements_covered_display": "60"}, "missing_lines": [343, 349, 351, 353], "excluded_lines": [], "start_line": 341}, "SQLiteLogHandler.flush": {"executed_lines": [], "summary": {"covered_lines": 0, "num_statements": 2, "percent_covered": 0.0, "percent_covered_display": "0", "missing_lines": 2, "excluded_lines": 0, "percent_statements_covered": 0.0, "percent_statements_covered_display": "0"}, "missing_lines": [356, 357], "excluded_lines": [], "start_line": 355}, "SQLiteLogHandler.close": {"executed_lines": [], "summary": {"covered_lines": 0, "num_statements": 2, "percent_covered": 0.0, "percent_covered_display": "0", "missing_lines": 2, "excluded_lines": 0, "percent_statements_covered": 0.0, "percent_statements_covered_display": "0"}, "missing_lines": [360, 361], "excluded_lines": [], "start_line": 359}, "install_log_handler": {"executed_lines": [371, 373, 375, 376, 377, 379, 380, 383, 384, 385, 387], "summary": {"covered_lines": 11, "num_statements": 12, "percent_covered": 91.66666666666667, "percent_covered_display": "92", "missing_lines": 1, "excluded_lines": 0, "percent_statements_covered": 91.66666666666667, "percent_statements_covered_display": "92"}, "missing_lines": [372], "excluded_lines": [], "start_line": 368}, "seed_sample_logs": {"executed_lines": [], "summary": {"covered_lines": 0, "num_statements": 19, "percent_covered": 0.0, "percent_covered_display": "0", "missing_lines": 19, "excluded_lines": 0, "percent_statements_covered": 0.0, "percent_statements_covered_display": "0"}, "missing_lines": [392, 394, 395, 396, 397, 454, 455, 456, 457, 458, 459, 460, 461, 462, 465, 466, 468, 470, 471], "excluded_lines": [], "start_line": 390}, "": {"executed_lines": [8, 9, 10, 11, 12, 13, 14, 15, 16, 17, 19, 21, 24, 38, 47, 48, 49, 50, 51, 52, 53, 54, 55, 56, 59, 60, 61, 62, 63, 64, 65, 66, 70, 73, 74, 76, 81, 82, 89, 97, 98, 110, 117, 135, 144, 196, 230, 262, 267, 279, 283, 299, 307, 313, 341, 355, 359, 365, 368, 390], "summary": {"covered_lines": 60, "num_statements": 60, "percent_covered": 100.0, "percent_covered_display": "100", "missing_lines": 0, "excluded_lines": 0, "percent_statements_covered": 100.0, "percent_statements_covered_display": "100"}, "missing_lines": [], "excluded_lines": [], "start_line": 1}}, "classes": {"LogEntry": {"executed_lines": [], "summary": {"covered_lines": 0, "num_statements": 0, "percent_covered": 100.0, "percent_covered_display": "100", "missing_lines": 0, "excluded_lines": 0, "percent_statements_covered": 100.0, "percent_statements_covered_display": "100"}, "missing_lines": [], "excluded_lines": [], "start_line": 48}, "LogStats": {"executed_lines": [], "summary": {"covered_lines": 0, "num_statements": 0, "percent_covered": 100.0, "percent_covered_display": "100", "missing_lines": 0, "excluded_lines": 0, "percent_statements_covered": 100.0, "percent_statements_covered_display": "100"}, "missing_lines": [], "excluded_lines": [], "start_line": 60}, "LogDatabase": {"executed_lines": [77, 78, 79, 83, 84, 85, 86, 87, 90, 91, 92, 93, 94, 95, 99, 100, 101, 102, 103, 108, 111, 112, 113, 114, 136, 137, 197, 199, 201, 202, 205, 209, 212, 216, 218, 219, 221], "summary": {"covered_lines": 37, "num_statements": 87, "percent_covered": 42.52873563218391, "percent_covered_display": "43", "missing_lines": 50, "excluded_lines": 0, "percent_statements_covered": 42.52873563218391, "percent_statements_covered_display": "43"}, "missing_lines": [104, 105, 106, 127, 128, 129, 153, 154, 156, 157, 158, 159, 160, 161, 162, 163, 164, 165, 166, 167, 168, 170, 171, 178, 179, 180, 182, 232, 234, 235, 248, 251, 252, 253, 254, 255, 256, 257, 258, 260, 263, 264, 265, 269, 270, 271, 272, 273, 274, 275], "excluded_lines": [], "start_line": 70}, "SQLiteLogHandler": {"executed_lines": [300, 301, 302, 303, 304, 305, 308, 309, 310, 314, 315, 316, 317, 318, 320, 323, 334, 335, 336, 337, 342, 344, 345, 346, 347, 348], "summary": {"covered_lines": 26, "num_statements": 39, "percent_covered": 66.66666666666667, "percent_covered_display": "67", "missing_lines": 13, "excluded_lines": 0, "percent_statements_covered": 66.66666666666667, "percent_statements_covered_display": "67"}, "missing_lines": [311, 319, 321, 338, 339, 343, 349, 351, 353, 356, 357, 360, 361], "excluded_lines": [], "start_line": 279}, "": {"executed_lines": [8, 9, 10, 11, 12, 13, 14, 15, 16, 17, 19, 21, 24, 38, 47, 48, 49, 50, 51, 52, 53, 54, 55, 56, 59, 60, 61, 62, 63, 64, 65, 66, 70, 73, 74, 76, 81, 82, 89, 97, 98, 110, 117, 135, 144, 196, 230, 262, 267, 279, 283, 299, 307, 313, 341, 355, 359, 365, 368, 371, 373, 375, 376, 377, 379, 380, 383, 384, 385, 387, 390], "summary": {"covered_lines": 71, "num_statements": 91, "percent_covered": 78.02197802197803, "percent_covered_display": "78", "missing_lines": 20, "excluded_lines": 0, "percent_statements_covered": 78.02197802197803, "percent_statements_covered_display": "78"}, "missing_lines": [372, 392, 394, 395, 396, 397, 454, 455, 456, 457, 458, 459, 460, 461, 462, 465, 466, 468, 470, 471], "excluded_lines": [], "start_line": 1}}}}, "totals": {"covered_lines": 3564, "num_statements": 5684, "percent_covered": 62.70232230823364, "percent_covered_display": "63", "missing_lines": 2120, "excluded_lines": 0, "percent_statements_covered": 62.70232230823364, "percent_statements_covered_display": "63"}}